Start part of experiment 002
Loading treebank.
/home/sveldhoen/.local/lib/python2.7/site-packages/numpy/core/fromnumeric.py:2507: VisibleDeprecationWarning: `rank` is deprecated; use the `ndim` attribute or function instead. To find the rank of a matrix see `numpy.linalg.matrix_rank`.
  VisibleDeprecationWarning)
Loading vocabulary.
Grammar-based parameter selection on. Initializing 400 most frequent grammar rules.
Initializing networks.
Loaded data. 45 training examples, and 53 test examples.
Initializing theta.
inside - 5
nwords - 104
word - 5
outside - 5
bSize - 10
alpha - 0.05
lambda - 0.1
nEpochs - 5
number of cores - 2
Start training...
Start SGD training
Epoch 0
evaluating...
Initial Performance on validation set: 0.504068047337
	Batch 0 , average error: 1.00002858939 , theta norm: 0.267951197809
Epoch 1
evaluating...
Epoch 0, Performance on validation set: 0.247411242604
	Batch 0 , average error: 0.851637177296 , theta norm: 0.370123269666
Epoch 2
evaluating...
Epoch 1, Performance on validation set: 0.260355029586
	Batch 0 , average error: 0.565365007069 , theta norm: 0.472458172386
Epoch 3
evaluating...
Epoch 2, Performance on validation set: 0.252958579882
	Batch 0 , average error: 0.513162264218 , theta norm: 0.576916564709
Epoch 4
evaluating...
Epoch 3, Performance on validation set: 0.252218934911
	Batch 0 , average error: 0.49445647132 , theta norm: 0.661640395024
Computing performance... 6
Initial Performance on validation set: 0.504068047337
Epoch 0, Performance on validation set: 0.247411242604
Epoch 1, Performance on validation set: 0.260355029586
Epoch 2, Performance on validation set: 0.252958579882
Epoch 3, Performance on validation set: 0.252218934911
evaluating...
Epoch 4, Performance on validation set: 0.252588757396
Epoch 4, Performance on validation set: 0.252588757396
End of training.
Writing model to file.
