Start part of experiment 010
Loading treebank.
/home/sveldhoen/.local/lib/python2.7/site-packages/numpy/core/fromnumeric.py:2507: VisibleDeprecationWarning: `rank` is deprecated; use the `ndim` attribute or function instead. To find the rank of a matrix see `numpy.linalg.matrix_rank`.
  VisibleDeprecationWarning)
Loading vocabulary.
Grammar-based parameter selection on. Initializing 400 most frequent grammar rules.
Initializing networks.
Loaded data. 45 training examples, and 53 test examples.
Initializing theta.
inside - 5
nwords - 104
word - 5
outside - 5
bSize - 10
alpha - 0.05
lambda - 0.1
nEpochs - 5
number of cores - 2
Adagrad is ON
Start training...
Start SGD training
Epoch 0
Traceback (most recent call last):
  File "trainIOCopy.py", line 151, in <module>
    main(args)
  File "trainIOCopy.py", line 109, in main
    theta = SGD(theta, hyperParams, examples, [], cores, adagrad = ada)
  File "/home/sveldhoen/thesis/github/trainingParallel.py", line 128, in SGD
    if adagrad: theta.update(grad,hyperParams['alpha'],historical_grad)
  File "/home/sveldhoen/thesis/github/myTheta.py", line 84, in update
    subtractFromDense(histgrad, -1*np.multiply(grad,grad))      # add the square of the grad to histgrad
  File "/usr/lib/python2.7/dist-packages/scipy/sparse/base.py", line 262, in __mul__
    raise ValueError('dimension mismatch')
ValueError: dimension mismatch
