Start part of experiment 100
Loading treebank.
/home/sveldhoen/.local/lib/python2.7/site-packages/numpy/core/fromnumeric.py:2507: VisibleDeprecationWarning: `rank` is deprecated; use the `ndim` attribute or function instead. To find the rank of a matrix see `numpy.linalg.matrix_rank`.
  VisibleDeprecationWarning)
Loading vocabulary.
Grammar-based parameter selection on. Initializing 400 most frequent grammar rules.
Initializing networks.
Loaded data. 22923 training examples, and 6010 test examples.
Initializing theta.
inside - 5
nwords - 10689
word - 5
outside - 5
bSize - 50
alpha - 0.05
lambda - 0.5
nEpochs - 5
number of cores - 5
Start training...
Start SGD training
Epoch 0
	Batch 0 , average error: 1.00000006764 , theta norm: 0.270285014318
	Batch 10 , average error: 0.743277480509 , theta norm: 0.523146705429
	Batch 20 , average error: 0.525389569901 , theta norm: 0.742267293011
	Batch 30 , average error: 0.443614044795 , theta norm: 0.85647161978
	Batch 40 , average error: 0.433965334825 , theta norm: 0.887566419066
	Batch 50 , average error: 0.416968732079 , theta norm: 0.901098830057
	Batch 60 , average error: 0.422449933264 , theta norm: 0.918105386089
	Batch 70 , average error: 0.411117936432 , theta norm: 0.931770073505
	Batch 80 , average error: 0.383864473365 , theta norm: 0.940217726696
	Batch 90 , average error: 0.368457363004 , theta norm: 0.944805680781
	Batch 100 , average error: 0.415783375257 , theta norm: 0.952050618752
	Batch 110 , average error: 0.369681184631 , theta norm: 0.959683458113
	Batch 120 , average error: 0.416155136287 , theta norm: 0.967723866543
	Batch 130 , average error: 0.403221418129 , theta norm: 0.972755717528
	Batch 140 , average error: 0.398833394792 , theta norm: 0.971432308695
	Batch 150 , average error: 0.421486079865 , theta norm: 0.974050091763
	Batch 160 , average error: 0.398052101396 , theta norm: 0.974114326774
	Batch 170 , average error: 0.414704710943 , theta norm: 0.982208479196
	Batch 180 , average error: 0.39679508583 , theta norm: 0.98396604353
	Batch 190 , average error: 0.42792605156 , theta norm: 0.988481382431
	Batch 200 , average error: 0.398384340696 , theta norm: 0.993193872468
	Batch 210 , average error: 0.409018522894 , theta norm: 0.998730928056
	Batch 220 , average error: 0.394716358841 , theta norm: 1.0022078574
	Batch 230 , average error: 0.382045590645 , theta norm: 1.00252553815
	Batch 240 , average error: 0.403805549834 , theta norm: 1.00472012412
	Batch 250 , average error: 0.39699499668 , theta norm: 1.00716156134
	Batch 260 , average error: 0.458918974517 , theta norm: 1.01113791475
	Batch 270 , average error: 0.420786964948 , theta norm: 1.01821187905
	Batch 280 , average error: 0.441718947269 , theta norm: 1.02140933535
	Batch 290 , average error: 0.406585377905 , theta norm: 1.02508622395
	Batch 300 , average error: 0.402281782682 , theta norm: 1.0281813415
	Batch 310 , average error: 0.422208955548 , theta norm: 1.03263744344
	Batch 320 , average error: 0.425761520607 , theta norm: 1.03526956606
	Batch 330 , average error: 0.400984092128 , theta norm: 1.04129508707
	Batch 340 , average error: 0.399768511888 , theta norm: 1.04367701498
	Batch 350 , average error: 0.402465369804 , theta norm: 1.04462611154
	Batch 360 , average error: 0.389980900354 , theta norm: 1.04660644914
	Batch 370 , average error: 0.409647733816 , theta norm: 1.04712483504
	Batch 380 , average error: 0.398050039662 , theta norm: 1.04747773548
	Batch 390 , average error: 0.411999177123 , theta norm: 1.05117576288
	Batch 400 , average error: 0.406370876809 , theta norm: 1.05015521742
	Batch 410 , average error: 0.407920885073 , theta norm: 1.04861568086
	Batch 420 , average error: 0.412444635642 , theta norm: 1.05507918282
	Batch 430 , average error: 0.38793050714 , theta norm: 1.06181931504
	Batch 440 , average error: 0.399798286756 , theta norm: 1.06501039305
	Batch 450 , average error: 0.42240148215 , theta norm: 1.06854115785
Epoch 1
	Batch 0 , average error: 0.400363622969 , theta norm: 1.07144123976
	Batch 10 , average error: 0.3776495715 , theta norm: 1.07426879341
	Batch 20 , average error: 0.398113459205 , theta norm: 1.07793336866
	Batch 30 , average error: 0.401645630512 , theta norm: 1.08058226627
	Batch 40 , average error: 0.36461285056 , theta norm: 1.08509853178
	Batch 50 , average error: 0.392690226489 , theta norm: 1.08834718236
	Batch 60 , average error: 0.389590211199 , theta norm: 1.08850001249
	Batch 70 , average error: 0.406896575135 , theta norm: 1.09291814805
	Batch 80 , average error: 0.405465518709 , theta norm: 1.09850759358
	Batch 90 , average error: 0.391400702283 , theta norm: 1.10157575865
	Batch 100 , average error: 0.409415164635 , theta norm: 1.10666850151
	Batch 110 , average error: 0.408150087079 , theta norm: 1.11370232069
	Batch 120 , average error: 0.378057982475 , theta norm: 1.11979380188
	Batch 130 , average error: 0.412891325997 , theta norm: 1.12942060905
	Batch 140 , average error: 0.38475919853 , theta norm: 1.13435325405
	Batch 150 , average error: 0.375956258058 , theta norm: 1.14067255049
	Batch 160 , average error: 0.373112310374 , theta norm: 1.14472608287
	Batch 170 , average error: 0.367351019058 , theta norm: 1.14783728807
	Batch 180 , average error: 0.386780774518 , theta norm: 1.15318367814
	Batch 190 , average error: 0.384477667727 , theta norm: 1.16103193669
	Batch 200 , average error: 0.386286894734 , theta norm: 1.1680358362
	Batch 210 , average error: 0.400147386956 , theta norm: 1.17340591132
	Batch 220 , average error: 0.38896415595 , theta norm: 1.18249210972
	Batch 230 , average error: 0.362319527907 , theta norm: 1.19393378566
	Batch 240 , average error: 0.418659295264 , theta norm: 1.20921539122
	Batch 250 , average error: 0.397816737073 , theta norm: 1.2190243162
	Batch 260 , average error: 0.399435412805 , theta norm: 1.24030127105
	Batch 270 , average error: 0.397984771664 , theta norm: 1.25272134131
	Batch 280 , average error: 0.381890256855 , theta norm: 1.28703770338
	Batch 290 , average error: 0.382742569536 , theta norm: 1.30061305374
	Batch 300 , average error: 0.38377799291 , theta norm: 1.30303845214
	Batch 310 , average error: 0.415797793256 , theta norm: 1.32158129606
	Batch 320 , average error: 0.399683637956 , theta norm: 1.34765147689
	Batch 330 , average error: 0.342874869104 , theta norm: 1.35748967834
	Batch 340 , average error: 0.388138369904 , theta norm: 1.3654778291
	Batch 350 , average error: 0.390734477405 , theta norm: 1.38412698053
	Batch 360 , average error: 0.37888450714 , theta norm: 1.39624504646
	Batch 370 , average error: 0.40691230496 , theta norm: 1.41017146371
	Batch 380 , average error: 0.385327089205 , theta norm: 1.44209206102
	Batch 390 , average error: 0.385035427563 , theta norm: 1.49598355864
	Batch 400 , average error: 0.411933141706 , theta norm: 1.53230053978
	Batch 410 , average error: 0.372099941414 , theta norm: 1.56688785896
	Batch 420 , average error: 0.411490638081 , theta norm: 1.61972321057
	Batch 430 , average error: 0.402969753662 , theta norm: 1.64809251808
	Batch 440 , average error: 0.38602211928 , theta norm: 1.6516398558
	Batch 450 , average error: 0.415575132397 , theta norm: 1.66972111268
Epoch 2
	Batch 0 , average error: 0.381046249263 , theta norm: 1.69507728333
	Batch 10 , average error: 0.393441546422 , theta norm: 1.69434341925
	Batch 20 , average error: 0.3984606572 , theta norm: 1.69432358599
	Batch 30 , average error: 0.38901364642 , theta norm: 1.70670790385
	Batch 40 , average error: 0.366806867849 , theta norm: 1.72150235495
	Batch 50 , average error: 0.379216261459 , theta norm: 1.74724758265
	Batch 60 , average error: 0.394779072662 , theta norm: 1.76391655043
	Batch 70 , average error: 0.385732879061 , theta norm: 1.77415330095
	Batch 80 , average error: 0.38797914116 , theta norm: 1.78693007538
	Batch 90 , average error: 0.456416741608 , theta norm: 1.80197273169
	Batch 100 , average error: 0.435542809767 , theta norm: 1.81118498551
	Batch 110 , average error: 0.375130759617 , theta norm: 1.82101179502
	Batch 120 , average error: 0.393456618708 , theta norm: 1.82668369624
	Batch 130 , average error: 0.409075393189 , theta norm: 1.82271123368
	Batch 140 , average error: 0.393119520958 , theta norm: 1.8312564438
	Batch 150 , average error: 0.417072725063 , theta norm: 1.82514702323
	Batch 160 , average error: 0.389931111303 , theta norm: 1.83030406889
	Batch 170 , average error: 0.381190971316 , theta norm: 1.83119960446
	Batch 180 , average error: 0.358983343209 , theta norm: 1.83089954279
	Batch 190 , average error: 0.368547136969 , theta norm: 1.82668947357
	Batch 200 , average error: 0.360848546654 , theta norm: 1.83394867241
	Batch 210 , average error: 0.395134981245 , theta norm: 1.85104993364
	Batch 220 , average error: 0.464251987454 , theta norm: 1.85678854755
	Batch 230 , average error: 0.384738664279 , theta norm: 1.8622810061
	Batch 240 , average error: 0.372197524007 , theta norm: 1.8577104175
	Batch 250 , average error: 0.355309582527 , theta norm: 1.85436063099
	Batch 260 , average error: 0.352277182856 , theta norm: 1.85142674343
	Batch 270 , average error: 0.351101242871 , theta norm: 1.85297978386
	Batch 280 , average error: 0.369743477191 , theta norm: 1.85068043166
	Batch 290 , average error: 0.339606091744 , theta norm: 1.85409620662
	Batch 300 , average error: 0.406308904227 , theta norm: 1.85229164481
	Batch 310 , average error: 0.361369015638 , theta norm: 1.84943795567
	Batch 320 , average error: 0.384906101597 , theta norm: 1.85170106033
	Batch 330 , average error: 0.354607519767 , theta norm: 1.84989854235
	Batch 340 , average error: 0.372883231353 , theta norm: 1.84863925835
	Batch 350 , average error: 0.339040072458 , theta norm: 1.85198773264
	Batch 360 , average error: 0.358085256148 , theta norm: 1.85509837473
	Batch 370 , average error: 0.365981673233 , theta norm: 1.85802194082
	Batch 380 , average error: 0.359396512715 , theta norm: 1.85730295238
	Batch 390 , average error: 0.357932559414 , theta norm: 1.85510552354
	Batch 400 , average error: 0.353952309248 , theta norm: 1.85821673278
	Batch 410 , average error: 0.329492398147 , theta norm: 1.85964081048
	Batch 420 , average error: 0.333826827077 , theta norm: 1.86352700593
	Batch 430 , average error: 0.376926572132 , theta norm: 1.86139883582
	Batch 440 , average error: 0.379453101268 , theta norm: 1.86157156861
	Batch 450 , average error: 0.36863357799 , theta norm: 1.86826424367
Epoch 3
	Batch 0 , average error: 0.461529592565 , theta norm: 1.86853049716
	Batch 10 , average error: 0.412267215119 , theta norm: 1.87210245011
	Batch 20 , average error: 0.375757228349 , theta norm: 1.88534482624
	Batch 30 , average error: 0.378566672229 , theta norm: 1.89096265485
	Batch 40 , average error: 0.369274248066 , theta norm: 1.89880645705
	Batch 50 , average error: 0.350102699141 , theta norm: 1.90431217908
	Batch 60 , average error: 0.355999335154 , theta norm: 1.91417761296
	Batch 70 , average error: 0.369470437769 , theta norm: 1.9238595153
	Batch 80 , average error: 0.376321077296 , theta norm: 1.93092987376
	Batch 90 , average error: 0.397866304787 , theta norm: 1.93926751421
	Batch 100 , average error: 0.367129451896 , theta norm: 1.94149190455
	Batch 110 , average error: 0.370529178609 , theta norm: 1.94569514694
	Batch 120 , average error: 0.376634170681 , theta norm: 1.95285308987
	Batch 130 , average error: 0.375865164486 , theta norm: 1.95513618213
	Batch 140 , average error: 0.372304044813 , theta norm: 1.95923211185
	Batch 150 , average error: 0.372337590827 , theta norm: 1.97387719744
	Batch 160 , average error: 0.423803568813 , theta norm: 1.97614103906
	Batch 170 , average error: 0.367504231558 , theta norm: 1.97794167989
	Batch 180 , average error: 0.394974413741 , theta norm: 1.97780799876
	Batch 190 , average error: 0.383168089333 , theta norm: 1.97258343841
	Batch 200 , average error: 0.372418786625 , theta norm: 1.9876932897
	Batch 210 , average error: 0.360128346462 , theta norm: 1.99106111605
	Batch 220 , average error: 0.380054628553 , theta norm: 1.99495015352
	Batch 230 , average error: 0.365648491 , theta norm: 2.00979876698
	Batch 240 , average error: 0.351102623105 , theta norm: 2.01551453345
	Batch 250 , average error: 0.38299674107 , theta norm: 2.02184967349
	Batch 260 , average error: 0.373912421822 , theta norm: 2.01680328741
	Batch 270 , average error: 0.345813219428 , theta norm: 2.01881685445
	Batch 280 , average error: 0.385120118741 , theta norm: 2.02319321491
	Batch 290 , average error: 0.368054769137 , theta norm: 2.02632319367
	Batch 300 , average error: 0.344204870832 , theta norm: 2.02531261589
	Batch 310 , average error: 0.353918095099 , theta norm: 2.03108926911
	Batch 320 , average error: 0.383443257377 , theta norm: 2.03477681644
	Batch 330 , average error: 0.372044430682 , theta norm: 2.04173769511
	Batch 340 , average error: 0.392851717532 , theta norm: 2.0426977132
	Batch 350 , average error: 0.361786775025 , theta norm: 2.0509518802
	Batch 360 , average error: 0.373486957234 , theta norm: 2.05327662041
	Batch 370 , average error: 0.336612740715 , theta norm: 2.05706944666
	Batch 380 , average error: 0.336110738727 , theta norm: 2.05509424479
	Batch 390 , average error: 0.370987382829 , theta norm: 2.05678420576
	Batch 400 , average error: 0.378440208154 , theta norm: 2.06403868938
	Batch 410 , average error: 0.328111168868 , theta norm: 2.07445366874
	Batch 420 , average error: 0.390673906867 , theta norm: 2.08415318569
	Batch 430 , average error: 0.337158886153 , theta norm: 2.09402516413
	Batch 440 , average error: 0.365037818086 , theta norm: 2.10250727756
	Batch 450 , average error: 0.363173046109 , theta norm: 2.1119538417
Epoch 4
	Batch 0 , average error: 0.380827802427 , theta norm: 2.12338599749
	Batch 10 , average error: 0.359930321231 , theta norm: 2.12949406988
	Batch 20 , average error: 0.38297051604 , theta norm: 2.13898757301
	Batch 30 , average error: 0.368031736234 , theta norm: 2.13954068247
	Batch 40 , average error: 0.366588021787 , theta norm: 2.14338562473
	Batch 50 , average error: 0.372924316737 , theta norm: 2.16005370855
	Batch 60 , average error: 0.373713820353 , theta norm: 2.17478497724
	Batch 70 , average error: 0.387975434907 , theta norm: 2.18447452557
	Batch 80 , average error: 0.344957773216 , theta norm: 2.18914317681
	Batch 90 , average error: 0.348117271515 , theta norm: 2.19720409722
	Batch 100 , average error: 0.369165253712 , theta norm: 2.20367317612
	Batch 110 , average error: 0.364112231875 , theta norm: 2.21057491338
	Batch 120 , average error: 0.397235572433 , theta norm: 2.21078899369
	Batch 130 , average error: 0.381973782154 , theta norm: 2.21939012004
	Batch 140 , average error: 0.360237970371 , theta norm: 2.22040569752
	Batch 150 , average error: 0.347980804922 , theta norm: 2.23083319703
	Batch 160 , average error: 0.346842027062 , theta norm: 2.24837227751
	Batch 170 , average error: 0.376983236405 , theta norm: 2.25345026397
	Batch 180 , average error: 0.353434705409 , theta norm: 2.26153894466
	Batch 190 , average error: 0.386727995318 , theta norm: 2.26584663385
	Batch 200 , average error: 0.340875317231 , theta norm: 2.27073232364
	Batch 210 , average error: 0.360844802804 , theta norm: 2.27606854883
	Batch 220 , average error: 0.35791123343 , theta norm: 2.29181626142
	Batch 230 , average error: 0.351208568502 , theta norm: 2.2986844407
	Batch 240 , average error: 0.341961380295 , theta norm: 2.30294089689
	Batch 250 , average error: 0.384073458612 , theta norm: 2.30362953599
	Batch 260 , average error: 0.326723545847 , theta norm: 2.31913872756
	Batch 270 , average error: 0.361314686216 , theta norm: 2.32635402369
	Batch 280 , average error: 0.374767200347 , theta norm: 2.32917324789
	Batch 290 , average error: 0.349274544221 , theta norm: 2.33181888152
	Batch 300 , average error: 0.352388007895 , theta norm: 2.33789424032
	Batch 310 , average error: 0.358752285019 , theta norm: 2.33686389892
	Batch 320 , average error: 0.529006146812 , theta norm: 2.35835745735
	Batch 330 , average error: 0.371940478988 , theta norm: 2.36305739497
	Batch 340 , average error: 0.392165085413 , theta norm: 2.37084872368
	Batch 350 , average error: 0.342249977435 , theta norm: 2.39302858585
	Batch 360 , average error: 0.414034471731 , theta norm: 2.40763991486
	Batch 370 , average error: 0.339649146495 , theta norm: 2.41914621981
	Batch 380 , average error: 0.36303470051 , theta norm: 2.42297946357
	Batch 390 , average error: 0.35792450429 , theta norm: 2.42767625427
	Batch 400 , average error: 0.401085068125 , theta norm: 2.42907707522
	Batch 410 , average error: 0.357052165068 , theta norm: 2.43008725282
	Batch 420 , average error: 0.352982847757 , theta norm: 2.43410383461
	Batch 430 , average error: 0.360183895261 , theta norm: 2.434431644
	Batch 440 , average error: 0.338080454084 , theta norm: 2.43758444022
	Batch 450 , average error: 0.351238424738 , theta norm: 2.44275506363
Computing performance... 6
Initial Performance on validation set: 0.484719379824
Initial Performance on validation set: 0.484719379824
Epoch 0, Performance on validation set: 0.193265251117
Epoch 0, Performance on validation set: 0.193265251117
Epoch 1, Performance on validation set: 0.185310915122
Epoch 1, Performance on validation set: 0.185310915122
Epoch 2, Performance on validation set: 0.188685085193
Epoch 2, Performance on validation set: 0.188685085193
Epoch 3, Performance on validation set: 0.175916673701
Epoch 3, Performance on validation set: 0.175916673701
Epoch 4, Performance on validation set: 0.18423413617
Epoch 4, Performance on validation set: 0.18423413617
