Start part of experiment 100
Loading treebank.
/home/sveldhoen/.local/lib/python2.7/site-packages/numpy/core/fromnumeric.py:2507: VisibleDeprecationWarning: `rank` is deprecated; use the `ndim` attribute or function instead. To find the rank of a matrix see `numpy.linalg.matrix_rank`.
  VisibleDeprecationWarning)
Loading vocabulary.
Grammar-based parameter selection on. Initializing 400 most frequent grammar rules.
Initializing networks.
Loaded data. 22923 training examples, and 6010 test examples.
Initializing theta.
inside - 5
nwords - 10689
word - 5
outside - 5
bSize - 50
alpha - 0.05
lambda - 1.0
nEpochs - 5
number of cores - 5
Start training...
Start SGD training
Epoch 0
	Batch 0 , average error: 1.00002198112 , theta norm: 0.269394526995
	Batch 10 , average error: 0.62152832355 , theta norm: 0.54130025611
	Batch 20 , average error: 0.525530244583 , theta norm: 0.70143223729
	Batch 30 , average error: 0.465422598086 , theta norm: 0.765026278149
	Batch 40 , average error: 0.462108813061 , theta norm: 0.794612350168
	Batch 50 , average error: 0.418364425272 , theta norm: 0.821897713905
	Batch 60 , average error: 0.420349314712 , theta norm: 0.852108370859
	Batch 70 , average error: 0.426799346336 , theta norm: 0.870531002981
	Batch 80 , average error: 0.499747536941 , theta norm: 0.879294110304
	Batch 90 , average error: 0.404406374615 , theta norm: 0.890964088859
	Batch 100 , average error: 0.421539252355 , theta norm: 0.907353158159
	Batch 110 , average error: 0.424326238312 , theta norm: 0.920390073632
	Batch 120 , average error: 0.400213554494 , theta norm: 0.937899606217
	Batch 130 , average error: 0.435700121142 , theta norm: 0.947043402853
	Batch 140 , average error: 0.40674205207 , theta norm: 0.955540668254
	Batch 150 , average error: 0.405521435166 , theta norm: 0.961456052172
	Batch 160 , average error: 0.412548084956 , theta norm: 0.968344319486
	Batch 170 , average error: 0.387548082814 , theta norm: 0.978147675509
	Batch 180 , average error: 0.405559785711 , theta norm: 0.986107681921
	Batch 190 , average error: 0.405324344095 , theta norm: 0.991070732674
	Batch 200 , average error: 0.420622254553 , theta norm: 0.998208900997
	Batch 210 , average error: 0.381788091058 , theta norm: 1.00154612929
	Batch 220 , average error: 0.409687137254 , theta norm: 1.00688711971
	Batch 230 , average error: 0.391497972683 , theta norm: 1.01280258058
	Batch 240 , average error: 0.389819170474 , theta norm: 1.01977569355
	Batch 250 , average error: 0.379310344834 , theta norm: 1.02220616768
	Batch 260 , average error: 0.371117883782 , theta norm: 1.02540887182
	Batch 270 , average error: 0.412210465566 , theta norm: 1.02796961486
	Batch 280 , average error: 0.408487707295 , theta norm: 1.02881963313
	Batch 290 , average error: 0.372764391072 , theta norm: 1.03428977401
	Batch 300 , average error: 0.400801202934 , theta norm: 1.03729056109
	Batch 310 , average error: 0.402250175376 , theta norm: 1.0398935079
	Batch 320 , average error: 0.400631955055 , theta norm: 1.04274991908
	Batch 330 , average error: 0.36621276112 , theta norm: 1.04599469161
	Batch 340 , average error: 0.425439755443 , theta norm: 1.05352900655
	Batch 350 , average error: 0.372239623468 , theta norm: 1.05754866732
	Batch 360 , average error: 0.390673570979 , theta norm: 1.05995868289
	Batch 370 , average error: 0.398488783722 , theta norm: 1.06704796675
	Batch 380 , average error: 0.405612218523 , theta norm: 1.07373280283
	Batch 390 , average error: 0.410581256805 , theta norm: 1.08545897578
	Batch 400 , average error: 0.380042321071 , theta norm: 1.09335631308
	Batch 410 , average error: 0.372925034488 , theta norm: 1.10482090414
	Batch 420 , average error: 0.381579278779 , theta norm: 1.11269764713
	Batch 430 , average error: 0.369402908696 , theta norm: 1.11845179111
	Batch 440 , average error: 0.382682203827 , theta norm: 1.12483148193
	Batch 450 , average error: 0.377668321166 , theta norm: 1.13115202077
Epoch 1
	Batch 0 , average error: 0.40405164777 , theta norm: 1.14007516044
	Batch 10 , average error: 0.375010535319 , theta norm: 1.14616769936
	Batch 20 , average error: 0.386948519315 , theta norm: 1.14576453468
	Batch 30 , average error: 0.412723294014 , theta norm: 1.15036673896
	Batch 40 , average error: 0.369826135142 , theta norm: 1.15553217192
	Batch 50 , average error: 0.381822121659 , theta norm: 1.16105525173
	Batch 60 , average error: 0.369470339377 , theta norm: 1.16549805138
	Batch 70 , average error: 0.387393944619 , theta norm: 1.17268888266
	Batch 80 , average error: 0.403647922516 , theta norm: 1.18031890658
	Batch 90 , average error: 0.395182442865 , theta norm: 1.18547111396
	Batch 100 , average error: 0.403963116763 , theta norm: 1.19195752523
	Batch 110 , average error: 0.393617245446 , theta norm: 1.20279152774
	Batch 120 , average error: 0.332031171623 , theta norm: 1.20696365114
	Batch 130 , average error: 0.380015323872 , theta norm: 1.21595772512
	Batch 140 , average error: 0.381302207205 , theta norm: 1.22616919389
	Batch 150 , average error: 0.389551577689 , theta norm: 1.22871994067
	Batch 160 , average error: 0.376854426261 , theta norm: 1.23230864284
	Batch 170 , average error: 0.369715602048 , theta norm: 1.23856605557
	Batch 180 , average error: 0.387721537531 , theta norm: 1.24880676759
	Batch 190 , average error: 0.374148327042 , theta norm: 1.25652848974
	Batch 200 , average error: 0.369473045797 , theta norm: 1.26087640288
	Batch 210 , average error: 0.384601404254 , theta norm: 1.26510917332
	Batch 220 , average error: 0.41519663278 , theta norm: 1.28198748783
	Batch 230 , average error: 0.366958030279 , theta norm: 1.28941841233
	Batch 240 , average error: 0.396750460693 , theta norm: 1.29297215542
	Batch 250 , average error: 0.396303135279 , theta norm: 1.30537985275
	Batch 260 , average error: 0.404250958589 , theta norm: 1.31017582167
	Batch 270 , average error: 0.375388179362 , theta norm: 1.31354488034
	Batch 280 , average error: 0.393426235003 , theta norm: 1.31566070028
	Batch 290 , average error: 0.413274394116 , theta norm: 1.32046169599
	Batch 300 , average error: 0.365757711707 , theta norm: 1.32447723361
	Batch 310 , average error: 0.395939012751 , theta norm: 1.32589861661
	Batch 320 , average error: 0.355490565402 , theta norm: 1.32973342307
	Batch 330 , average error: 0.399879366493 , theta norm: 1.33266677094
	Batch 340 , average error: 0.398628521344 , theta norm: 1.33716214899
	Batch 350 , average error: 0.380730040211 , theta norm: 1.34208929087
	Batch 360 , average error: 0.379982144389 , theta norm: 1.34353289182
	Batch 370 , average error: 0.361677653406 , theta norm: 1.35244531625
	Batch 380 , average error: 0.389235840047 , theta norm: 1.36195309706
	Batch 390 , average error: 0.38450912199 , theta norm: 1.36607120781
	Batch 400 , average error: 0.385288507646 , theta norm: 1.37153729394
	Batch 410 , average error: 0.368698432756 , theta norm: 1.37554565449
	Batch 420 , average error: 0.392901043083 , theta norm: 1.37771128836
	Batch 430 , average error: 0.384052832051 , theta norm: 1.38097326106
	Batch 440 , average error: 0.37383510356 , theta norm: 1.38394003434
	Batch 450 , average error: 0.415119857272 , theta norm: 1.39650433246
Epoch 2
	Batch 0 , average error: 0.383275110629 , theta norm: 1.40200261772
	Batch 10 , average error: 0.383267293827 , theta norm: 1.40785587004
	Batch 20 , average error: 0.387641849723 , theta norm: 1.4126917013
	Batch 30 , average error: 0.371712165169 , theta norm: 1.41796235942
	Batch 40 , average error: 0.370691972611 , theta norm: 1.42774949365
	Batch 50 , average error: 0.371900407098 , theta norm: 1.43267791906
	Batch 60 , average error: 0.401404523821 , theta norm: 1.43598338979
	Batch 70 , average error: 0.390115653375 , theta norm: 1.44098345603
	Batch 80 , average error: 0.38516179661 , theta norm: 1.44436683923
	Batch 90 , average error: 0.371765055837 , theta norm: 1.44762716916
	Batch 100 , average error: 0.428260800989 , theta norm: 1.45197164528
	Batch 110 , average error: 0.365750202036 , theta norm: 1.45748072848
	Batch 120 , average error: 0.387671884769 , theta norm: 1.46925110453
	Batch 130 , average error: 0.397448714931 , theta norm: 1.47286940509
	Batch 140 , average error: 0.386021850447 , theta norm: 1.47749599594
	Batch 150 , average error: 0.360903239279 , theta norm: 1.48378490552
	Batch 160 , average error: 0.403289476087 , theta norm: 1.4886183603
	Batch 170 , average error: 0.364402011398 , theta norm: 1.49452866314
	Batch 180 , average error: 0.390074289253 , theta norm: 1.49747424633
	Batch 190 , average error: 0.38614899729 , theta norm: 1.50233890816
	Batch 200 , average error: 0.370412107114 , theta norm: 1.50485101181
	Batch 210 , average error: 0.410551443695 , theta norm: 1.50735935731
	Batch 220 , average error: 0.322783750258 , theta norm: 1.51116751132
	Batch 230 , average error: 0.372057119984 , theta norm: 1.51623155055
	Batch 240 , average error: 0.408542182244 , theta norm: 1.52297245624
	Batch 250 , average error: 0.361577480011 , theta norm: 1.52553200375
	Batch 260 , average error: 0.388498778441 , theta norm: 1.53084272491
	Batch 270 , average error: 0.393086245305 , theta norm: 1.53960518514
	Batch 280 , average error: 0.379601451212 , theta norm: 1.54191214112
	Batch 290 , average error: 0.380895739271 , theta norm: 1.55790504972
	Batch 300 , average error: 0.386418856969 , theta norm: 1.56178263872
	Batch 310 , average error: 0.382038432024 , theta norm: 1.56795051799
	Batch 320 , average error: 0.447852294483 , theta norm: 1.57496836119
	Batch 330 , average error: 0.380287464329 , theta norm: 1.57841817174
	Batch 340 , average error: 0.364596267226 , theta norm: 1.58718223522
	Batch 350 , average error: 0.377074364394 , theta norm: 1.59664311259
	Batch 360 , average error: 0.383949280732 , theta norm: 1.6037378482
	Batch 370 , average error: 0.382484981577 , theta norm: 1.6050385697
	Batch 380 , average error: 0.401930897724 , theta norm: 1.60923776986
	Batch 390 , average error: 0.369819387591 , theta norm: 1.61944841277
	Batch 400 , average error: 0.380521529857 , theta norm: 1.62475408323
	Batch 410 , average error: 0.360231782502 , theta norm: 1.62978436817
	Batch 420 , average error: 0.380355819102 , theta norm: 1.63760786476
	Batch 430 , average error: 0.374082981577 , theta norm: 1.64762761279
	Batch 440 , average error: 0.393278379801 , theta norm: 1.65504235178
	Batch 450 , average error: 0.359403256624 , theta norm: 1.66979670004
Epoch 3
	Batch 0 , average error: 0.371633076383 , theta norm: 1.68757275812
	Batch 10 , average error: 0.352682419423 , theta norm: 1.69846104036
	Batch 20 , average error: 0.396043127989 , theta norm: 1.70314704299
	Batch 30 , average error: 0.35827058759 , theta norm: 1.70602803397
	Batch 40 , average error: 0.359112464837 , theta norm: 1.71675277057
	Batch 50 , average error: 0.384429942118 , theta norm: 1.72056980681
	Batch 60 , average error: 0.367446999633 , theta norm: 1.73595786107
	Batch 70 , average error: 0.384300820277 , theta norm: 1.73877401727
	Batch 80 , average error: 0.376080340448 , theta norm: 1.75479024764
	Batch 90 , average error: 0.362190665028 , theta norm: 1.75842266681
	Batch 100 , average error: 0.350721376493 , theta norm: 1.7684478848
	Batch 110 , average error: 0.405823725495 , theta norm: 1.76932008075
	Batch 120 , average error: 0.390349854405 , theta norm: 1.78066129454
	Batch 130 , average error: 0.384529533987 , theta norm: 1.7979780503
	Batch 140 , average error: 0.40293011306 , theta norm: 1.81393600969
	Batch 150 , average error: 0.364549284492 , theta norm: 1.81865147256
	Batch 160 , average error: 0.343641241152 , theta norm: 1.82145684902
	Batch 170 , average error: 0.400077735264 , theta norm: 1.83257032605
	Batch 180 , average error: 0.358251007484 , theta norm: 1.83834045845
	Batch 190 , average error: 0.374082190168 , theta norm: 1.84219278683
	Batch 200 , average error: 0.395812632774 , theta norm: 1.85266330234
	Batch 210 , average error: 0.391200192606 , theta norm: 1.86230275227
	Batch 220 , average error: 0.347641057532 , theta norm: 1.87573349683
	Batch 230 , average error: 0.383391674431 , theta norm: 1.88208600643
	Batch 240 , average error: 0.364208158922 , theta norm: 1.88936770276
	Batch 250 , average error: 0.46396609673 , theta norm: 1.91013452238
	Batch 260 , average error: 0.40104467715 , theta norm: 1.92718004898
	Batch 270 , average error: 0.370172144073 , theta norm: 1.93615871017
	Batch 280 , average error: 0.364483801067 , theta norm: 1.95007064409
	Batch 290 , average error: 0.399377191522 , theta norm: 1.96364606998
	Batch 300 , average error: 0.427894636296 , theta norm: 1.97208650958
	Batch 310 , average error: 0.452700403029 , theta norm: 1.98211509358
	Batch 320 , average error: 0.377816049339 , theta norm: 1.99476893972
	Batch 330 , average error: 0.566101950985 , theta norm: 2.01605750748
	Batch 340 , average error: 0.389464345814 , theta norm: 2.02261890365
	Batch 350 , average error: 0.385758408824 , theta norm: 2.03038948726
	Batch 360 , average error: 0.4029530452 , theta norm: 2.03367500502
	Batch 370 , average error: 0.343877097575 , theta norm: 2.0506263312
	Batch 380 , average error: 0.396136075186 , theta norm: 2.05429544261
	Batch 390 , average error: 0.367955001273 , theta norm: 2.05545265273
	Batch 400 , average error: 0.39274862742 , theta norm: 2.0593074711
	Batch 410 , average error: 0.38729903516 , theta norm: 2.06967958444
	Batch 420 , average error: 0.397810780447 , theta norm: 2.07494336873
	Batch 430 , average error: 0.401613959365 , theta norm: 2.08896980294
	Batch 440 , average error: 0.414235888854 , theta norm: 2.09887775884
	Batch 450 , average error: 0.39294639259 , theta norm: 2.10923022421
Epoch 4
	Batch 0 , average error: 0.40343211026 , theta norm: 2.1167218949
	Batch 10 , average error: 0.385219362292 , theta norm: 2.12568060519
	Batch 20 , average error: 0.380280954861 , theta norm: 2.13245459954
	Batch 30 , average error: 0.370897743567 , theta norm: 2.13871817992
	Batch 40 , average error: 0.37027156406 , theta norm: 2.149666216
	Batch 50 , average error: 0.543775064456 , theta norm: 2.16238856267
	Batch 60 , average error: 0.411661950257 , theta norm: 2.18430481142
	Batch 70 , average error: 0.396888819009 , theta norm: 2.19616651429
	Batch 80 , average error: 0.455042455518 , theta norm: 2.20677907525
	Batch 90 , average error: 0.409935345212 , theta norm: 2.21145096287
	Batch 100 , average error: 0.441323275238 , theta norm: 2.22564258704
	Batch 110 , average error: 0.381518749649 , theta norm: 2.23283679557
	Batch 120 , average error: 0.385784819804 , theta norm: 2.23372488943
	Batch 130 , average error: 0.561329101046 , theta norm: 2.238491124
	Batch 140 , average error: 0.373827479311 , theta norm: 2.24329001179
	Batch 150 , average error: 0.417461397966 , theta norm: 2.24921377494
	Batch 160 , average error: 0.379452630688 , theta norm: 2.25125694364
	Batch 170 , average error: 0.553095312646 , theta norm: 2.26727437012
	Batch 180 , average error: 0.3924195827 , theta norm: 2.28030590369
	Batch 190 , average error: 0.380829574308 , theta norm: 2.29904766095
	Batch 200 , average error: 0.376432723903 , theta norm: 2.31663970594
	Batch 210 , average error: 0.647566874775 , theta norm: 2.32781314611
	Batch 220 , average error: 0.507006395707 , theta norm: 2.33856862096
	Batch 230 , average error: 0.401917790843 , theta norm: 2.34252281119
	Batch 240 , average error: 0.372667573226 , theta norm: 2.34516987747
	Batch 250 , average error: 0.447797838062 , theta norm: 2.37281791547
	Batch 260 , average error: 0.369522601742 , theta norm: 2.37882336306
	Batch 270 , average error: 0.372162225134 , theta norm: 2.3824444641
	Batch 280 , average error: 0.406316994367 , theta norm: 2.38740999155
	Batch 290 , average error: 0.484204939141 , theta norm: 2.39540713413
	Batch 300 , average error: 0.3805177585 , theta norm: 2.39954722402
	Batch 310 , average error: 0.374109059187 , theta norm: 2.40214735418
	Batch 320 , average error: 0.386137127569 , theta norm: 2.41559644213
	Batch 330 , average error: 0.398156029549 , theta norm: 2.41630771972
	Batch 340 , average error: 0.42106171485 , theta norm: 2.41651449321
	Batch 350 , average error: 0.367445822794 , theta norm: 2.41703921725
	Batch 360 , average error: 0.507437691838 , theta norm: 2.43601465541
	Batch 370 , average error: 0.393573247957 , theta norm: 2.46150677654
	Batch 380 , average error: 0.420973848715 , theta norm: 2.46990931064
	Batch 390 , average error: 0.420081179093 , theta norm: 2.47352915095
	Batch 400 , average error: 0.460775204746 , theta norm: 2.47825861675
	Batch 410 , average error: 0.620937490649 , theta norm: 2.50044860292
	Batch 420 , average error: 0.590931107799 , theta norm: 2.51006653381
	Batch 430 , average error: 0.379501163143 , theta norm: 2.51386432471
	Batch 440 , average error: 0.402254651887 , theta norm: 2.52983330928
	Batch 450 , average error: 0.465884938978 , theta norm: 2.53349779227
Computing performance... 6
Initial Performance on validation set: 0.534499374881
Initial Performance on validation set: 0.534499374881
Epoch 0, Performance on validation set: 0.188681230529
Epoch 0, Performance on validation set: 0.188681230529
Epoch 1, Performance on validation set: 0.191535983209
Epoch 1, Performance on validation set: 0.191535983209
Epoch 2, Performance on validation set: 0.191446574993
Epoch 2, Performance on validation set: 0.191446574993
Epoch 3, Performance on validation set: 0.191496048891
Epoch 3, Performance on validation set: 0.191496048891
Epoch 4, Performance on validation set: 0.189841358736
Epoch 4, Performance on validation set: 0.189841358736
