Start part of experiment 100
Loading treebank.
/home/sveldhoen/.local/lib/python2.7/site-packages/numpy/core/fromnumeric.py:2507: VisibleDeprecationWarning: `rank` is deprecated; use the `ndim` attribute or function instead. To find the rank of a matrix see `numpy.linalg.matrix_rank`.
  VisibleDeprecationWarning)
Loading vocabulary.
Grammar-based parameter selection on. Initializing 400 most frequent grammar rules.
Initializing networks.
Loaded data. 22923 training examples, and 6010 test examples.
Initializing theta.
inside - 5
nwords - 10689
word - 5
outside - 5
bSize - 50
alpha - 0.05
lambda - 0.01
nEpochs - 5
number of cores - 5
Start training...
Start SGD training
Epoch 0
	Batch 0 , average error: 1.00000525273 , theta norm: 0.269658676293
	Batch 10 , average error: 0.775542316494 , theta norm: 0.530938371902
	Batch 20 , average error: 0.498929719275 , theta norm: 0.708886469347
	Batch 30 , average error: 0.472703367868 , theta norm: 0.8054861514
	Batch 40 , average error: 0.458430654101 , theta norm: 0.828922035761
	Batch 50 , average error: 0.455769049987 , theta norm: 0.833035597876
	Batch 60 , average error: 0.455483306256 , theta norm: 0.841860450759
	Batch 70 , average error: 0.43010517924 , theta norm: 0.837094885301
	Batch 80 , average error: 0.459722513331 , theta norm: 0.840598244028
	Batch 90 , average error: 0.446062391246 , theta norm: 0.851764302456
	Batch 100 , average error: 0.40467385273 , theta norm: 0.859169845248
	Batch 110 , average error: 0.434103514989 , theta norm: 0.865081777331
	Batch 120 , average error: 0.436934308014 , theta norm: 0.872331929969
	Batch 130 , average error: 0.407927732622 , theta norm: 0.87262501331
	Batch 140 , average error: 0.447595553518 , theta norm: 0.882066018535
	Batch 150 , average error: 0.451794424841 , theta norm: 0.881575657131
	Batch 160 , average error: 0.422802785908 , theta norm: 0.890641685931
	Batch 170 , average error: 0.447398578514 , theta norm: 0.913983082058
	Batch 180 , average error: 0.425893270597 , theta norm: 0.915591327483
	Batch 190 , average error: 0.419045263213 , theta norm: 0.923584644099
	Batch 200 , average error: 0.43629620757 , theta norm: 0.926877462117
	Batch 210 , average error: 0.461010991242 , theta norm: 0.933590617569
	Batch 220 , average error: 0.436905268993 , theta norm: 0.942110483303
	Batch 230 , average error: 0.432414279644 , theta norm: 0.943251552644
	Batch 240 , average error: 0.419249578866 , theta norm: 0.947759680014
	Batch 250 , average error: 0.44126995352 , theta norm: 0.953069935588
	Batch 260 , average error: 0.394771918609 , theta norm: 0.959557460848
	Batch 270 , average error: 0.405151956917 , theta norm: 0.961841551327
	Batch 280 , average error: 0.38337911363 , theta norm: 0.96333733236
	Batch 290 , average error: 0.390386124415 , theta norm: 0.965814897495
	Batch 300 , average error: 0.428357366435 , theta norm: 0.969601498495
	Batch 310 , average error: 0.415266708625 , theta norm: 0.976381941236
	Batch 320 , average error: 0.406924398394 , theta norm: 0.979597544081
	Batch 330 , average error: 0.403377740501 , theta norm: 0.986589855777
	Batch 340 , average error: 0.416428740029 , theta norm: 0.989449121723
	Batch 350 , average error: 0.394347721138 , theta norm: 0.994579213593
	Batch 360 , average error: 0.412413345514 , theta norm: 0.998632195997
	Batch 370 , average error: 0.436808230406 , theta norm: 1.00017557958
	Batch 380 , average error: 0.431906567822 , theta norm: 1.00429749568
	Batch 390 , average error: 0.406140551564 , theta norm: 1.00710802479
	Batch 400 , average error: 0.405579651805 , theta norm: 1.00904850874
	Batch 410 , average error: 0.404603743113 , theta norm: 1.00853746221
	Batch 420 , average error: 0.413720516435 , theta norm: 1.01537050315
	Batch 430 , average error: 0.424413126905 , theta norm: 1.01718456584
	Batch 440 , average error: 0.394023699191 , theta norm: 1.01875592068
	Batch 450 , average error: 0.398901314013 , theta norm: 1.02269302611
Epoch 1
	Batch 0 , average error: 0.398971140673 , theta norm: 1.02478441932
	Batch 10 , average error: 0.401474446712 , theta norm: 1.02820297813
	Batch 20 , average error: 0.419341105537 , theta norm: 1.02993353707
	Batch 30 , average error: 0.419971138938 , theta norm: 1.03821832948
	Batch 40 , average error: 0.397935308531 , theta norm: 1.04170411482
	Batch 50 , average error: 0.427057333536 , theta norm: 1.0464772395
	Batch 60 , average error: 0.430962668375 , theta norm: 1.05033663782
	Batch 70 , average error: 0.392214939543 , theta norm: 1.05232778672
	Batch 80 , average error: 0.392080733823 , theta norm: 1.05604443864
	Batch 90 , average error: 0.360331221643 , theta norm: 1.06027081834
	Batch 100 , average error: 0.385266737306 , theta norm: 1.06124746132
	Batch 110 , average error: 0.392520053759 , theta norm: 1.06295938062
	Batch 120 , average error: 0.406795589191 , theta norm: 1.0640202014
	Batch 130 , average error: 0.385846473075 , theta norm: 1.06494535346
	Batch 140 , average error: 0.405086145874 , theta norm: 1.06490008064
	Batch 150 , average error: 0.405826486265 , theta norm: 1.06615464146
	Batch 160 , average error: 0.421736122655 , theta norm: 1.0683936127
	Batch 170 , average error: 0.389358006273 , theta norm: 1.07091706203
	Batch 180 , average error: 0.340283118654 , theta norm: 1.0739436167
	Batch 190 , average error: 0.403781230365 , theta norm: 1.07621366665
	Batch 200 , average error: 0.37707726383 , theta norm: 1.07828500705
	Batch 210 , average error: 0.393895950164 , theta norm: 1.08009752267
	Batch 220 , average error: 0.384165860523 , theta norm: 1.08029118236
	Batch 230 , average error: 0.405598878983 , theta norm: 1.08227417957
	Batch 240 , average error: 0.407355087772 , theta norm: 1.08388627361
	Batch 250 , average error: 0.386254785077 , theta norm: 1.08610673117
	Batch 260 , average error: 0.37739304842 , theta norm: 1.08835706271
	Batch 270 , average error: 0.415199498909 , theta norm: 1.09122908162
	Batch 280 , average error: 0.389467457221 , theta norm: 1.09441391162
	Batch 290 , average error: 0.415253920012 , theta norm: 1.09689185656
	Batch 300 , average error: 0.381291230275 , theta norm: 1.0970002582
	Batch 310 , average error: 0.3926002675 , theta norm: 1.09951004164
	Batch 320 , average error: 0.397534929241 , theta norm: 1.10165878044
	Batch 330 , average error: 0.408674156995 , theta norm: 1.10435449393
	Batch 340 , average error: 0.406052871269 , theta norm: 1.10693731312
	Batch 350 , average error: 0.406491957144 , theta norm: 1.10999996195
	Batch 360 , average error: 0.420009145853 , theta norm: 1.11269956556
	Batch 370 , average error: 0.375571869769 , theta norm: 1.11410703267
	Batch 380 , average error: 0.371001930462 , theta norm: 1.1159550856
	Batch 390 , average error: 0.396133319568 , theta norm: 1.11591567562
	Batch 400 , average error: 0.372076099681 , theta norm: 1.11794960884
	Batch 410 , average error: 0.422203095165 , theta norm: 1.12005854696
	Batch 420 , average error: 0.402984296589 , theta norm: 1.12056654486
	Batch 430 , average error: 0.383749497841 , theta norm: 1.12364325733
	Batch 440 , average error: 0.386630586668 , theta norm: 1.12608466564
	Batch 450 , average error: 0.385487320232 , theta norm: 1.12826486498
Epoch 2
	Batch 0 , average error: 0.419830421909 , theta norm: 1.12928569561
	Batch 10 , average error: 0.380187996886 , theta norm: 1.13071264572
	Batch 20 , average error: 0.361909399881 , theta norm: 1.13272962317
	Batch 30 , average error: 0.381140135375 , theta norm: 1.13571641206
	Batch 40 , average error: 0.379345559902 , theta norm: 1.13743323245
	Batch 50 , average error: 0.366584936723 , theta norm: 1.13895155311
	Batch 60 , average error: 0.372999351311 , theta norm: 1.13976108007
	Batch 70 , average error: 0.370766508309 , theta norm: 1.14167119631
	Batch 80 , average error: 0.39658137259 , theta norm: 1.14240993606
	Batch 90 , average error: 0.381839058415 , theta norm: 1.14407589481
	Batch 100 , average error: 0.373065167414 , theta norm: 1.14534887506
	Batch 110 , average error: 0.395954663154 , theta norm: 1.14700163945
	Batch 120 , average error: 0.400649788991 , theta norm: 1.14937500784
	Batch 130 , average error: 0.371025481187 , theta norm: 1.15215002875
	Batch 140 , average error: 0.423699282138 , theta norm: 1.15363563012
	Batch 150 , average error: 0.370249975686 , theta norm: 1.15523620513
	Batch 160 , average error: 0.355772526945 , theta norm: 1.15683499965
	Batch 170 , average error: 0.397330617071 , theta norm: 1.15754882519
	Batch 180 , average error: 0.391085633658 , theta norm: 1.15975017312
	Batch 190 , average error: 0.382588818395 , theta norm: 1.16027734686
	Batch 200 , average error: 0.366300053943 , theta norm: 1.16182123104
	Batch 210 , average error: 0.382565228308 , theta norm: 1.16239486726
	Batch 220 , average error: 0.384610555397 , theta norm: 1.16390804372
	Batch 230 , average error: 0.403269702458 , theta norm: 1.16561903859
	Batch 240 , average error: 0.412855093614 , theta norm: 1.16649469866
	Batch 250 , average error: 0.426552713471 , theta norm: 1.16779029577
	Batch 260 , average error: 0.38623356618 , theta norm: 1.16736449205
	Batch 270 , average error: 0.406796598034 , theta norm: 1.16899319196
	Batch 280 , average error: 0.395104747938 , theta norm: 1.17002092987
	Batch 290 , average error: 0.372469835422 , theta norm: 1.17091273904
	Batch 300 , average error: 0.369408755802 , theta norm: 1.17235679717
	Batch 310 , average error: 0.400819233106 , theta norm: 1.1730307591
	Batch 320 , average error: 0.377679646815 , theta norm: 1.17323831081
	Batch 330 , average error: 0.4187492616 , theta norm: 1.17378244845
	Batch 340 , average error: 0.371169137588 , theta norm: 1.17513992349
	Batch 350 , average error: 0.372617640641 , theta norm: 1.1768873137
	Batch 360 , average error: 0.373607806473 , theta norm: 1.17755719605
	Batch 370 , average error: 0.403731158011 , theta norm: 1.1798457047
	Batch 380 , average error: 0.388831506111 , theta norm: 1.18015197029
	Batch 390 , average error: 0.429229924747 , theta norm: 1.181169908
	Batch 400 , average error: 0.370545297274 , theta norm: 1.18303727244
	Batch 410 , average error: 0.396662419786 , theta norm: 1.18496225659
	Batch 420 , average error: 0.359816989059 , theta norm: 1.18626286486
	Batch 430 , average error: 0.386184469545 , theta norm: 1.18699970545
	Batch 440 , average error: 0.40554549567 , theta norm: 1.18889795884
	Batch 450 , average error: 0.403682140285 , theta norm: 1.19027895559
Epoch 3
	Batch 0 , average error: 0.358139001758 , theta norm: 1.19202265197
	Batch 10 , average error: 0.372893066875 , theta norm: 1.19566479053
	Batch 20 , average error: 0.384448496565 , theta norm: 1.19729411293
	Batch 30 , average error: 0.415297020103 , theta norm: 1.19872453056
	Batch 40 , average error: 0.370446410687 , theta norm: 1.20010023922
	Batch 50 , average error: 0.391640242328 , theta norm: 1.20118465255
	Batch 60 , average error: 0.36184219588 , theta norm: 1.20225553477
