Start part of experiment 101
Loading treebank.
/home/sveldhoen/.local/lib/python2.7/site-packages/numpy/core/fromnumeric.py:2507: VisibleDeprecationWarning: `rank` is deprecated; use the `ndim` attribute or function instead. To find the rank of a matrix see `numpy.linalg.matrix_rank`.
  VisibleDeprecationWarning)
Loading vocabulary.
Initializing networks.
Loaded data. 22923 training examples, and 6010 test examples.
Initializing theta.
inside - 5
nwords - 10689
word - 5
outside - 5
bSize - 50
alpha - 0.05
lambda - 0.1
nEpochs - 5
number of cores - 5
Start training...
Start SGD training
Epoch 0
	Batch 0 , average error: 0.999945651431 , theta norm: 1.39454447162
	Batch 10 , average error: 0.59481409387 , theta norm: 4.23552302108
	Batch 20 , average error: 0.566849275567 , theta norm: 5.73214225414
	Batch 30 , average error: 0.411186717002 , theta norm: 6.34458432411
	Batch 40 , average error: 0.461805337889 , theta norm: 6.67957169654
	Batch 50 , average error: 0.458885549157 , theta norm: 6.70885838155
	Batch 60 , average error: 0.447059989973 , theta norm: 7.03640301796
	Batch 70 , average error: 0.421361349694 , theta norm: 6.99047661026
	Batch 80 , average error: 0.44342511405 , theta norm: 7.42599038473
	Batch 90 , average error: 0.445608148818 , theta norm: 7.65806490745
	Batch 100 , average error: 0.436405686808 , theta norm: 7.85558141358
	Batch 110 , average error: 0.461534870326 , theta norm: 7.75962966029
	Batch 120 , average error: 0.446314082502 , theta norm: 8.13439456918
	Batch 130 , average error: 0.409761514371 , theta norm: 8.23074013703
	Batch 140 , average error: 0.458291393071 , theta norm: 8.50356177762
	Batch 150 , average error: 0.431149494701 , theta norm: 8.54485159295
	Batch 160 , average error: 0.443457148438 , theta norm: 8.65092358952
	Batch 170 , average error: 0.439718260866 , theta norm: 8.65045272421
	Batch 180 , average error: 0.454105262079 , theta norm: 8.59671982065
	Batch 190 , average error: 0.437144601002 , theta norm: 8.70213610538
	Batch 200 , average error: 0.423906224664 , theta norm: 8.81459015588
	Batch 210 , average error: 0.471141351333 , theta norm: 8.89371123494
	Batch 220 , average error: 0.448372972297 , theta norm: 8.84478112323
	Batch 230 , average error: 0.454359346242 , theta norm: 8.89742343479
	Batch 240 , average error: 0.433216887161 , theta norm: 8.8549740898
	Batch 250 , average error: 0.441225474908 , theta norm: 8.90500689435
	Batch 260 , average error: 0.467016136373 , theta norm: 8.94048892357
	Batch 270 , average error: 0.456371041189 , theta norm: 9.01665595095
	Batch 280 , average error: 0.449397271875 , theta norm: 9.01998506756
	Batch 290 , average error: 0.460695764884 , theta norm: 9.12832007865
	Batch 300 , average error: 0.453799018124 , theta norm: 9.14785147011
	Batch 310 , average error: 0.455317474028 , theta norm: 9.13196372223
	Batch 320 , average error: 0.443787679898 , theta norm: 9.19618312582
	Batch 330 , average error: 0.447935377339 , theta norm: 9.14215858621
	Batch 340 , average error: 0.434668984608 , theta norm: 9.1760479256
	Batch 350 , average error: 0.450324387053 , theta norm: 9.08237436251
	Batch 360 , average error: 0.483139877034 , theta norm: 9.07572499214
	Batch 370 , average error: 0.464470316279 , theta norm: 9.0879085968
	Batch 380 , average error: 0.454652802164 , theta norm: 9.07585854986
	Batch 390 , average error: 0.45102815935 , theta norm: 9.11146335752
	Batch 400 , average error: 0.450490201609 , theta norm: 9.0997279572
	Batch 410 , average error: 0.454337591914 , theta norm: 9.08681751004
	Batch 420 , average error: 0.464582352143 , theta norm: 9.11243744638
	Batch 430 , average error: 0.41102250201 , theta norm: 9.24594150117
	Batch 440 , average error: 0.457757818947 , theta norm: 9.14685417195
	Batch 450 , average error: 0.429371288128 , theta norm: 9.3119963194
Epoch 1
	Batch 0 , average error: 0.455981409286 , theta norm: 9.29460614031
	Batch 10 , average error: 0.419970646771 , theta norm: 9.23404876742
	Batch 20 , average error: 0.407953747512 , theta norm: 9.32494604948
	Batch 30 , average error: 0.459367864782 , theta norm: 9.29608372596
	Batch 40 , average error: 0.454910488821 , theta norm: 9.4570908784
	Batch 50 , average error: 0.427645728855 , theta norm: 9.44458051012
	Batch 60 , average error: 0.440298299398 , theta norm: 9.52899604224
	Batch 70 , average error: 0.442940036225 , theta norm: 9.46158607673
	Batch 80 , average error: 0.416179179355 , theta norm: 9.51155127085
	Batch 90 , average error: 0.460102865563 , theta norm: 9.43059365564
	Batch 100 , average error: 0.441476379167 , theta norm: 9.50182223157
	Batch 110 , average error: 0.439968548488 , theta norm: 9.58475576986
	Batch 120 , average error: 0.440979936183 , theta norm: 9.61138296435
	Batch 130 , average error: 0.451661882485 , theta norm: 9.55322485954
	Batch 140 , average error: 0.428111094212 , theta norm: 9.55234415744
	Batch 150 , average error: 0.482516084785 , theta norm: 9.59617616141
	Batch 160 , average error: 0.416296279133 , theta norm: 9.6866421271
	Batch 170 , average error: 0.444950984328 , theta norm: 9.72753329516
	Batch 180 , average error: 0.441312793781 , theta norm: 9.74080421506
	Batch 190 , average error: 0.435991214159 , theta norm: 9.78368626181
	Batch 200 , average error: 0.440776620769 , theta norm: 9.82853764342
	Batch 210 , average error: 0.413753091634 , theta norm: 9.8243167943
	Batch 220 , average error: 0.461186460482 , theta norm: 9.90639204515
	Batch 230 , average error: 0.435428165706 , theta norm: 9.98195639802
	Batch 240 , average error: 0.415388769415 , theta norm: 10.0170584445
	Batch 250 , average error: 0.431594108685 , theta norm: 10.0672113916
	Batch 260 , average error: 0.432538095285 , theta norm: 10.1361527838
	Batch 270 , average error: 0.446808390496 , theta norm: 10.2063663308
	Batch 280 , average error: 0.413598398464 , theta norm: 10.1718132337
	Batch 290 , average error: 0.456367968018 , theta norm: 10.222003811
	Batch 300 , average error: 0.419072297022 , theta norm: 10.3477914588
	Batch 310 , average error: 0.456625322284 , theta norm: 10.3636749966
	Batch 320 , average error: 0.443326500962 , theta norm: 10.4297794519
	Batch 330 , average error: 0.443205079157 , theta norm: 10.4065312695
	Batch 340 , average error: 0.446094085479 , theta norm: 10.4199996131
	Batch 350 , average error: 0.465814803704 , theta norm: 10.3356861629
	Batch 360 , average error: 0.44454370525 , theta norm: 10.3716884621
	Batch 370 , average error: 0.427612312632 , theta norm: 10.4281890291
	Batch 380 , average error: 0.436358493551 , theta norm: 10.3684041467
	Batch 390 , average error: 0.449937546133 , theta norm: 10.3753965549
	Batch 400 , average error: 0.442822464516 , theta norm: 10.4295458874
	Batch 410 , average error: 0.422478277175 , theta norm: 10.4760623715
	Batch 420 , average error: 0.450943287826 , theta norm: 10.4821591124
	Batch 430 , average error: 0.414963923937 , theta norm: 10.4407453135
	Batch 440 , average error: 0.454071546296 , theta norm: 10.3698074271
	Batch 450 , average error: 0.476543762093 , theta norm: 10.4375901843
Epoch 2
	Batch 0 , average error: 0.45057050028 , theta norm: 10.497922517
	Batch 10 , average error: 0.435485599535 , theta norm: 10.5236459087
	Batch 20 , average error: 0.425881021885 , theta norm: 10.5006145575
	Batch 30 , average error: 0.430415656523 , theta norm: 10.519923163
	Batch 40 , average error: 0.457692301846 , theta norm: 10.6443670007
	Batch 50 , average error: 0.428225850331 , theta norm: 10.6092475174
	Batch 60 , average error: 0.450236962492 , theta norm: 10.650118094
	Batch 70 , average error: 0.457311143302 , theta norm: 10.6687755747
	Batch 80 , average error: 0.419389910855 , theta norm: 10.7124138932
	Batch 90 , average error: 0.43800524602 , theta norm: 10.6994435344
	Batch 100 , average error: 0.459388915904 , theta norm: 10.7441568824
	Batch 110 , average error: 0.448153209549 , theta norm: 10.7615615334
	Batch 120 , average error: 0.427015753801 , theta norm: 10.8889632354
	Batch 130 , average error: 0.463789592583 , theta norm: 10.9561964626
	Batch 140 , average error: 0.42039410681 , theta norm: 10.9624609926
	Batch 150 , average error: 0.433743007177 , theta norm: 10.9499420489
	Batch 160 , average error: 0.485818753322 , theta norm: 10.9705469552
	Batch 170 , average error: 0.438357738567 , theta norm: 10.9735075099
	Batch 180 , average error: 0.458661057822 , theta norm: 11.044048544
	Batch 190 , average error: 0.458063396667 , theta norm: 11.1080772976
	Batch 200 , average error: 0.444402568581 , theta norm: 11.1570736727
	Batch 210 , average error: 0.441691185784 , theta norm: 11.1333133911
	Batch 220 , average error: 0.442597823169 , theta norm: 11.2393196847
	Batch 230 , average error: 0.46966360858 , theta norm: 11.2335891418
	Batch 240 , average error: 0.411911158257 , theta norm: 11.2965047937
	Batch 250 , average error: 0.432213503431 , theta norm: 11.2733786093
	Batch 260 , average error: 0.43110692781 , theta norm: 11.3437871237
	Batch 270 , average error: 0.432923935084 , theta norm: 11.3132246635
	Batch 280 , average error: 0.434727469981 , theta norm: 11.3141651988
	Batch 290 , average error: 0.460220107217 , theta norm: 11.3347173371
	Batch 300 , average error: 0.440296507437 , theta norm: 11.3194872055
	Batch 310 , average error: 0.447970470747 , theta norm: 11.3956001408
	Batch 320 , average error: 0.442936345831 , theta norm: 11.401515497
	Batch 330 , average error: 0.423418816048 , theta norm: 11.3493236508
	Batch 340 , average error: 0.41758221996 , theta norm: 11.3296264032
	Batch 350 , average error: 0.436395084613 , theta norm: 11.4019443597
	Batch 360 , average error: 0.458835045931 , theta norm: 11.399760301
	Batch 370 , average error: 0.430628447767 , theta norm: 11.3400833615
	Batch 380 , average error: 0.409554577336 , theta norm: 11.3962253208
	Batch 390 , average error: 0.413643962323 , theta norm: 11.440206182
	Batch 400 , average error: 0.461580695985 , theta norm: 11.4840720299
	Batch 410 , average error: 0.456896565997 , theta norm: 11.4208202346
	Batch 420 , average error: 0.449412186413 , theta norm: 11.420720464
	Batch 430 , average error: 0.455846406105 , theta norm: 11.4271110445
	Batch 440 , average error: 0.43126723358 , theta norm: 11.4379715965
	Batch 450 , average error: 0.480719471688 , theta norm: 11.4343247882
Epoch 3
	Batch 0 , average error: 0.43810178201 , theta norm: 11.425789858
	Batch 10 , average error: 0.436504274741 , theta norm: 11.4757475499
	Batch 20 , average error: 0.458627905824 , theta norm: 11.4836511509
	Batch 30 , average error: 0.486990210249 , theta norm: 11.4924234805
	Batch 40 , average error: 0.440928995157 , theta norm: 11.4661377896
	Batch 50 , average error: 0.462081551698 , theta norm: 11.4030510506
	Batch 60 , average error: 0.440902113508 , theta norm: 11.3722897573
	Batch 70 , average error: 0.436133733622 , theta norm: 11.3559772154
	Batch 80 , average error: 0.447312506743 , theta norm: 11.3801069618
	Batch 90 , average error: 0.462400615147 , theta norm: 11.3939943376
	Batch 100 , average error: 0.453372842532 , theta norm: 11.3921197837
	Batch 110 , average error: 0.432712548178 , theta norm: 11.3801551076
	Batch 120 , average error: 0.444127266296 , theta norm: 11.4005192977
	Batch 130 , average error: 0.436397238273 , theta norm: 11.4048288663
	Batch 140 , average error: 0.469692868614 , theta norm: 11.4807439344
	Batch 150 , average error: 0.454803862974 , theta norm: 11.485674996
	Batch 160 , average error: 0.471392794102 , theta norm: 11.4922100965
	Batch 170 , average error: 0.440405337413 , theta norm: 11.5234082215
	Batch 180 , average error: 0.449551100668 , theta norm: 11.5236125116
	Batch 190 , average error: 0.421939716269 , theta norm: 11.5193584822
	Batch 200 , average error: 0.492086519616 , theta norm: 11.5141135179
	Batch 210 , average error: 0.444165219552 , theta norm: 11.4952355211
	Batch 220 , average error: 0.433717127931 , theta norm: 11.5282048532
	Batch 230 , average error: 0.464263493761 , theta norm: 11.5316612211
	Batch 240 , average error: 0.445035341845 , theta norm: 11.5453614853
	Batch 250 , average error: 0.45338483145 , theta norm: 11.5498841533
	Batch 260 , average error: 0.431129790472 , theta norm: 11.5522147497
	Batch 270 , average erroInitial Performance on validation set: 0.455860119214
Epoch 0, Performance on validation set: 0.226115876309
Epoch 1, Performance on validation set: 0.229716115281
Epoch 2, Performance on validation set: 0.231684657882
