Start part of experiment 101
Loading treebank.
/home/sveldhoen/.local/lib/python2.7/site-packages/numpy/core/fromnumeric.py:2507: VisibleDeprecationWarning: `rank` is deprecated; use the `ndim` attribute or function instead. To find the rank of a matrix see `numpy.linalg.matrix_rank`.
  VisibleDeprecationWarning)
Loading vocabulary.
Initializing networks.
Loaded data. 22923 training examples, and 6010 test examples.
Initializing theta.
inside - 5
nwords - 10689
word - 5
outside - 5
bSize - 50
alpha - 0.05
lambda - 1.0
nEpochs - 5
number of cores - 5
Start training...
Start SGD training
Epoch 0
	Batch 0 , average error: 1.00002393092 , theta norm: 1.34761207133
	Batch 10 , average error: 0.686844229161 , theta norm: 4.07530440927
	Batch 20 , average error: 0.439209664737 , theta norm: 5.68362457637
	Batch 30 , average error: 0.427362253364 , theta norm: 6.31282711959
	Batch 40 , average error: 0.442729376495 , theta norm: 6.69716875148
	Batch 50 , average error: 0.441978718148 , theta norm: 6.83299689488
	Batch 60 , average error: 0.420940809747 , theta norm: 6.83887167322
	Batch 70 , average error: 0.417141951827 , theta norm: 7.08056008445
	Batch 80 , average error: 0.414626493612 , theta norm: 7.1781592309
	Batch 90 , average error: 0.434732997899 , theta norm: 7.34519459951
	Batch 100 , average error: 0.442532902675 , theta norm: 7.39429724142
	Batch 110 , average error: 0.452936562044 , theta norm: 7.447848547
	Batch 120 , average error: 0.427310250204 , theta norm: 7.54010184205
	Batch 130 , average error: 0.462334188237 , theta norm: 7.68346359609
	Batch 140 , average error: 0.422883205115 , theta norm: 7.68944297931
	Batch 150 , average error: 0.424203211648 , theta norm: 7.63822489856
	Batch 160 , average error: 0.440644409086 , theta norm: 7.74929754008
	Batch 170 , average error: 0.462099322962 , theta norm: 7.68823895389
	Batch 180 , average error: 0.434728892396 , theta norm: 7.86248170229
	Batch 190 , average error: 0.456711308483 , theta norm: 8.02623745104
	Batch 200 , average error: 0.439151260156 , theta norm: 8.11199382343
	Batch 210 , average error: 0.462752843508 , theta norm: 8.13148783853
	Batch 220 , average error: 0.455760606976 , theta norm: 8.31813272697
	Batch 230 , average error: 0.458893145833 , theta norm: 8.5970793252
	Batch 240 , average error: 0.445948370737 , theta norm: 8.82808275322
	Batch 250 , average error: 0.452995462935 , theta norm: 9.06544963715
	Batch 260 , average error: 0.41561067562 , theta norm: 9.10183301366
	Batch 270 , average error: 0.440960863828 , theta norm: 9.20352922171
	Batch 280 , average error: 0.408263965825 , theta norm: 9.33925353755
	Batch 290 , average error: 0.421625657335 , theta norm: 9.5132534359
	Batch 300 , average error: 0.408895983313 , theta norm: 9.58297774239
	Batch 310 , average error: 0.430682863246 , theta norm: 9.61076156729
	Batch 320 , average error: 0.41826629056 , theta norm: 9.62648267861
	Batch 330 , average error: 0.460141124309 , theta norm: 9.6016915237
	Batch 340 , average error: 0.423066176667 , theta norm: 9.5689567977
	Batch 350 , average error: 0.419985458825 , theta norm: 9.61347172707
	Batch 360 , average error: 0.428315415691 , theta norm: 9.67633984181
	Batch 370 , average error: 0.436028919769 , theta norm: 9.67898306993
	Batch 380 , average error: 0.443312500615 , theta norm: 9.66235954941
	Batch 390 , average error: 0.392368095757 , theta norm: 9.65841170431
	Batch 400 , average error: 0.441679533791 , theta norm: 9.73027551604
	Batch 410 , average error: 0.442307231297 , theta norm: 9.84233928054
	Batch 420 , average error: 0.436978044399 , theta norm: 9.8845122129
	Batch 430 , average error: 0.453922042023 , theta norm: 9.8835637667
	Batch 440 , average error: 0.426754174623 , theta norm: 9.9543975719
	Batch 450 , average error: 0.416555445933 , theta norm: 9.92457426259
Epoch 1
	Batch 0 , average error: 0.435398148206 , theta norm: 9.93516604645
	Batch 10 , average error: 0.460972216107 , theta norm: 9.93443719957
	Batch 20 , average error: 0.438059258087 , theta norm: 9.96147653499
	Batch 30 , average error: 0.428384574188 , theta norm: 9.94098103876
	Batch 40 , average error: 0.411652982629 , theta norm: 9.92950168457
	Batch 50 , average error: 0.447424427811 , theta norm: 9.93324768812
	Batch 60 , average error: 0.437614850369 , theta norm: 9.92305301096
	Batch 70 , average error: 0.447475111935 , theta norm: 9.89267228182
	Batch 80 , average error: 0.440747876034 , theta norm: 9.91884747546
	Batch 90 , average error: 0.441859147378 , theta norm: 9.92333081491
	Batch 100 , average error: 0.441589036171 , theta norm: 9.88208668167
	Batch 110 , average error: 0.386194718271 , theta norm: 9.88830100811
	Batch 120 , average error: 0.436245679623 , theta norm: 9.92438159868
	Batch 130 , average error: 0.432674766149 , theta norm: 9.93370900573
	Batch 140 , average error: 0.437765322474 , theta norm: 9.90962695489
	Batch 150 , average error: 0.430954803927 , theta norm: 9.91279300167
	Batch 160 , average error: 0.426260099545 , theta norm: 9.91142487356
	Batch 170 , average error: 0.465490097905 , theta norm: 9.92281007101
	Batch 180 , average error: 0.459299229099 , theta norm: 9.94096737867
	Batch 190 , average error: 0.451047706109 , theta norm: 9.93584898894
	Batch 200 , average error: 0.445978372133 , theta norm: 9.93298942089
	Batch 210 , average error: 0.446651527608 , theta norm: 9.95612901628
	Batch 220 , average error: 0.441661696425 , theta norm: 9.90585244366
	Batch 230 , average error: 0.416573651823 , theta norm: 9.90514125172
	Batch 240 , average error: 0.469940571859 , theta norm: 9.88954462443
	Batch 250 , average error: 0.453764422072 , theta norm: 9.90060515878
	Batch 260 , average error: 0.441900110221 , theta norm: 9.90467668434
	Batch 270 , average error: 0.450140899628 , theta norm: 9.93908903587
	Batch 280 , average error: 0.452569920465 , theta norm: 9.92975373481
	Batch 290 , average error: 0.413338646296 , theta norm: 9.92565705996
	Batch 300 , average error: 0.40520776621 , theta norm: 9.92596049134
	Batch 310 , average error: 0.44644313254 , theta norm: 9.92491445516
	Batch 320 , average error: 0.43144286592 , theta norm: 9.92527294096
	Batch 330 , average error: 0.445378294865 , theta norm: 9.92505464696
	Batch 340 , average error: 0.451889157193 , theta norm: 9.9174973355
	Batch 350 , average error: 0.432381070677 , theta norm: 9.91257150023
	Batch 360 , average error: 0.433570070378 , theta norm: 9.89897382107
	Batch 370 , average error: 0.433299618679 , theta norm: 9.88482625415
	Batch 380 , average error: 0.450958805186 , theta norm: 9.86081499902
	Batch 390 , average error: 0.47139981721 , theta norm: 9.89588760692
	Batch 400 , average error: 0.428397120358 , theta norm: 9.89654603061
	Batch 410 , average error: 0.42342890574 , theta norm: 9.8944321154
	Batch 420 , average error: 0.416744135834 , theta norm: 9.88825857445
	Batch 430 , average error: 0.428995196967 , theta norm: 9.9059488643
	Batch 440 , average error: 0.3982658514 , theta norm: 9.90525515111
	Batch 450 , average error: 0.445368321296 , theta norm: 9.90121045053
Epoch 2
	Batch 0 , average error: 0.401493051943 , theta norm: 9.90023548118
	Batch 10 , average error: 0.419786259285 , theta norm: 9.90011222206
	Batch 20 , average error: 0.413902804178 , theta norm: 9.90116665012
	Batch 30 , average error: 0.451365750665 , theta norm: 9.89857613901
	Batch 40 , average error: 0.424313311023 , theta norm: 9.89809562164
	Batch 50 , average error: 0.459858490221 , theta norm: 9.89828405206
	Batch 60 , average error: 0.443176990106 , theta norm: 9.89955218123
	Batch 70 , average error: 0.428653671444 , theta norm: 9.89934528826
	Batch 80 , average error: 0.466617174869 , theta norm: 9.8996392773
	Batch 90 , average error: 0.399238191473 , theta norm: 9.89944105491
	Batch 100 , average error: 0.428708201157 , theta norm: 9.89847211962
	Batch 110 , average error: 0.453123557316 , theta norm: 9.89266368381
	Batch 120 , average error: 0.453299488021 , theta norm: 9.89876049735
	Batch 130 , average error: 0.460731936641 , theta norm: 9.89803863822
	Batch 140 , average error: 0.457881333293 , theta norm: 9.89782283985
	Batch 150 , average error: 0.41991418409 , theta norm: 9.89767559898
	Batch 160 , average error: 0.432417644888 , theta norm: 9.87235418653
	Batch 170 , average error: 0.436033041745 , theta norm: 9.87175066844
	Batch 180 , average error: 0.409927533465 , theta norm: 9.87152940137
	Batch 190 , average error: 0.447547806222 , theta norm: 9.87131370641
	Batch 200 , average error: 0.453348674526 , theta norm: 9.87106264161
	Batch 210 , average error: 0.429596371184 , theta norm: 9.87082046461
	Batch 220 , average error: 0.431245483633 , theta norm: 9.8705612637
	Batch 230 , average error: 0.431047340779 , theta norm: 9.86861511096
	Batch 240 , average error: 0.449990160485 , theta norm: 9.87457388532
	Batch 250 , average error: 0.4290534192 , theta norm: 9.87436895802
	Batch 260 , average error: 0.458218884311 , theta norm: 9.87299158306
	Batch 270 , average error: 0.405983316545 , theta norm: 9.87277684702
	Batch 280 , average error: 0.460683802316 , theta norm: 9.87257268851
	Batch 290 , average error: 0.446800949769 , theta norm: 9.87235872804
	Batch 300 , average error: 0.435456038679 , theta norm: 9.87038532658
	Batch 310 , average error: 0.422019377719 , theta norm: 9.87018808789
	Batch 320 , average error: 0.443288710481 , theta norm: 9.86975169
	Batch 330 , average error: 0.42206412371 , theta norm: 9.86902355987
	Batch 340 , average error: 0.412194042221 , theta norm: 9.86876959889
	Batch 350 , average error: 0.452055270697 , theta norm: 9.86063268096
	Batch 360 , average error: 0.471138431115 , theta norm: 9.86036939419
	Batch 370 , average error: 0.423466150493 , theta norm: 9.86015374669
	Batch 380 , average error: 0.45077081291 , theta norm: 9.8599355123
	Batch 390 , average error: 0.441509536373 , theta norm: 9.85829338395
	Batch 400 , average error: 0.443994327982 , theta norm: 9.85715858573
	Batch 410 , average error: 0.433871800975 , theta norm: 9.85193303696
	Batch 420 , average error: 0.426129450604 , theta norm: 9.85355444975
	Batch 430 , average error: 0.463175369545 , theta norm: 9.83379998386
	Batch 440 , average error: 0.441818784385 , theta norm: 9.83189950855
	Batch 450 , average error: 0.423914413263 , theta norm: 9.83305107324
Epoch 3
	Batch 0 , average error: 0.445868128029 , theta norm: 9.83285653415
	Batch 10 , average error: 0.450178226036 , theta norm: 9.83032767976
	Batch 20 , average error: 0.441506841269 , theta norm: 9.84422119276
	Batch 30 , average error: 0.460056531637 , theta norm: 9.82072244409
	Batch 40 , average error: 0.449793973105 , theta norm: 9.83089688836
	Batch 50 , average error: 0.425874105265 , theta norm: 9.83488824841
	Batch 60 , average error: 0.451496134581 , theta norm: 9.8209626499
	Batch 70 , average error: 0.41404628223 , theta norm: 9.85901726675
	Batch 80 , average error: 0.452269808684 , theta norm: 9.86750393174
	Batch 90 , average error: 0.440727094333 , theta norm: 9.86595700751
	Batch 100 , average error: 0.417762655189 , theta norm: 9.86470165252
	Batch 110 , average error: 0.423006019339 , theta norm: 9.86476994689
	Batch 120 , average error: 0.438893479164 , theta norm: 9.86455693167
	Batch 130 , average error: 0.465869597899 , theta norm: 9.86411524834
	Batch 140 , average error: 0.442428091258 , theta norm: 9.86408792545
	Batch 150 , average error: 0.406849424804 , theta norm: 9.87258008068
	Batch 160 , average error: 0.4408572144 , theta norm: 9.87236281047
	Batch 170 , average error: 0.465209552702 , theta norm: 9.87153731783
	Batch 180 , average error: 0.451669576745 , theta norm: 9.87129237919
	Batch 190 , average error: 0.427683758578 , theta norm: 9.87107895618
	Batch 200 , average error: 0.413644289391 , theta norm: 9.87079875482
	Batch 210 , average error: 0.432561645687 , theta norm: 9.87054171016
	Batch 220 , average error: 0.43809249732 , theta norm: 9.87032879967
	Batch 230 , average error: 0.416270008119 , theta norm: 9.87009280693
	Batch 240 , average error: 0.430887446284 , theta norm: 9.86987291615
	Batch 250 , average error: 0.426170921177 , theta norm: 9.86965622496
	Batch 260 , average error: 0.417271794583 , theta norm: 9.86942660644
	Batch 270 , average error: 0.451547364116 , theta norm: 9.86920364875
	Batch 280 , average error: 0.427804124013 , theta norm: 9.86897891091
	Batch 290 , average error: 0.440751102854 , theta norm: 9.86843499914
	Batch 300 , average error: 0.417975765345 , theta norm: 9.86822670366
	Batch 310 , average error: 0.430948895645 , theta norm: 9.86799025113
	Batch 320 , average error: 0.423796731088 , theta norm: 9.86771739315
	Batch 330 , average error: 0.441104112298 , theta norm: 9.86750190562
	Batch 340 , average error: 0.461158519749 , theta norm: 9.86726884673
	Batch 350 , average error: 0.406290052014 , theta norm: 9.86705373065
	Batch 360 , average error: 0.44948012818 , theta norm: 9.86685790252
	Batch 370 , average error: 0.407294631703 , theta norm: 9.86663341805
	Batch 380 , average error: 0.438026331152 , theta norm: 9.86635931389
	Batch 390 , average error: 0.434221129495 , theta norm: 9.86613482167
	Batch 400 , average error: 0.465714258261 , theta norm: 9.86591979704
	Batch 410 , average error: 0.454119987277 , theta norm: 9.86568643312
	Batch 420 , average error: 0.418566869005 , theta norm: 9.86547173968
	Batch 430 , average error: 0.442579661762 , theta norm: 9.86524065987
	Batch 440 , average error: 0.427285411066 , theta norm: 9.86503739304
	Batch 450 , average error: 0.448090328565 , theta norm: 9.86484037515
Epoch 4
	Batch 0 , average error: 0.457814356262 , theta norm: 9.8646400129
	Batch 10 , average error: 0.434840021468 , theta norm: 9.86442219242
	Batch 20 , average error: 0.416948602626 , theta norm: 9.8642001014
	Batch 30 , average error: 0.446832370197 , theta norm: 9.86404526567
	Batch 40 , average error: 0.431001748088 , theta norm: 9.86383386609
	Batch 50 , average error: 0.45379845006 , theta norm: 9.8636345075
	Batch 60 , average error: 0.445383068717 , theta norm: 9.86341645817
	Batch 70 , average error: 0.420384476 , theta norm: 9.86304938213
	Batch 80 , average error: 0.438096494792 , theta norm: 9.86273223615
	Batch 90 , average error: 0.429972706369 , theta norm: 9.86252096149
	Batch 100 , average error: 0.422512951505 , theta norm: 9.86230007898
	Batch 110 , average error: 0.451865479125 , theta norm: 9.86206981259
	Batch 120 , average error: 0.463000895034 , theta norm: 9.86185925625
	Batch 130 , average error: 0.403953055492 , theta norm: 9.86117519226
	Batch 140 , average error: 0.44344284326 , theta norm: 9.86096191192
	Batch 150 , average error: 0.423861250945 , theta norm: 9.8607476484
	Batch 160 , average error: 0.43049107328 , theta norm: 9.86053643285
	Batch 170 , average error: 0.431625170705 , theta norm: 9.86032169285
	Batch 180 , average error: 0.447392746461 , theta norm: 9.8600565745
	Batch 190 , average error: 0.451356011377 , theta norm: 9.85983821565
	Batch 200 , average error: 0.434852513988 , theta norm: 9.85955517341
	Batch 210 , average error: 0.426941637374 , theta norm: 9.85932797939
	Batch 220 , average error: 0.443617732182 , theta norm: 9.85911747015
	Batch 230 , average error: 0.423942374653 , theta norm: 9.85890030193
	Batch 240 , average error: 0.440636785637 , theta norm: 9.85868262726
	Batch 250 , average error: 0.440255688922 , theta norm: 9.85848469718
	Batch 260 , average error: 0.411282925619 , theta norm: 9.858271524
	Batch 270 , average error: 0.445163589097 , theta norm: 9.85829246747
	Batch 280 , average error: 0.40914727037 , theta norm: 9.85809741757
	Batch 290 , average error: 0.411997473085 , theta norm: 9.85788709872
	Batch 300 , average error: 0.420684875774 , theta norm: 9.85766139346
	Batch 310 , average error: 0.449975942538 , theta norm: 9.85744141259
	Batch 320 , average error: 0.443595052976 , theta norm: 9.85722253539
	Batch 330 , average error: 0.413691918011 , theta norm: 9.85701154941
	Batch 340 , average error: 0.434783020429 , theta norm: 9.85706139818
	Batch 350 , average error: 0.437134789811 , theta norm: 9.85684491488
	Batch 360 , average error: 0.435458091121 , theta norm: 9.85662671342
	Batch 370 , average error: 0.449141730974 , theta norm: 9.85641699599
	Batch 380 , average error: 0.459198915835 , theta norm: 9.8562662411
	Batch 390 , average error: 0.455111143955 , theta norm: 9.85605607958
	Batch 400 , average error: 0.455024171352 , theta norm: 9.85582178612
	Batch 410 , average error: 0.470765360561 , theta norm: 9.85560680848
	Batch 420 , average error: 0.430478945806 , theta norm: 9.85538572128
	Batch 430 , average error: 0.415271766532 , theta norm: 9.85518106534
	Batch 440 , average error: 0.434773187469 , theta norm: 9.85497185751
	Batch 450 , average error: 0.433520287242 , theta norm: 9.85475426065
Computing performance... 6
Initial Performance on validation set: 0.5286299181
Initial Performance on validation set: 0.5286299181
Epoch 0, Performance on validation set: 0.222856895017
Epoch 0, Performance on validation set: 0.222856895017
Epoch 1, Performance on validation set: 0.222693876996
Epoch 1, Performance on validation set: 0.222693876996
Epoch 2, Performance on validation set: 0.223213999648
Epoch 2, Performance on validation set: 0.223213999648
Epoch 3, Performance on validation set: 0.223466611479
Epoch 3, Performance on validation set: 0.223466611479
Epoch 4, Performance on validation set: 0.223730381849
Epoch 4, Performance on validation set: 0.223730381849
