Start part of experiment 101
Loading treebank.
/home/sveldhoen/.local/lib/python2.7/site-packages/numpy/core/fromnumeric.py:2507: VisibleDeprecationWarning: `rank` is deprecated; use the `ndim` attribute or function instead. To find the rank of a matrix see `numpy.linalg.matrix_rank`.
  VisibleDeprecationWarning)
Loading vocabulary.
Initializing networks.
Loaded data. 22923 training examples, and 6010 test examples.
Initializing theta.
inside - 5
nwords - 10689
word - 5
outside - 5
bSize - 50
alpha - 0.05
lambda - 0.5
nEpochs - 5
number of cores - 5
Start training...
Start SGD training
Epoch 0
	Batch 0 , average error: 1.00003204147 , theta norm: 1.37039474284
	Batch 10 , average error: 0.742136065967 , theta norm: 3.47872208276
	Batch 20 , average error: 0.534181094658 , theta norm: 5.65937716968
	Batch 30 , average error: 0.434999931832 , theta norm: 6.60126086159
	Batch 40 , average error: 0.437479898031 , theta norm: 6.86563745476
	Batch 50 , average error: 0.487355073698 , theta norm: 6.78029248063
	Batch 60 , average error: 0.42982497521 , theta norm: 6.93170327821
	Batch 70 , average error: 0.400983069131 , theta norm: 7.12310036995
	Batch 80 , average error: 0.428203465991 , theta norm: 7.39819133786
	Batch 90 , average error: 0.449802022941 , theta norm: 7.61361377956
	Batch 100 , average error: 0.434068898872 , theta norm: 7.89228845668
	Batch 110 , average error: 0.425466786896 , theta norm: 8.00617946521
	Batch 120 , average error: 0.435117271718 , theta norm: 8.10443407197
	Batch 130 , average error: 0.446663911546 , theta norm: 8.14385077994
	Batch 140 , average error: 0.398103377131 , theta norm: 8.34297097225
	Batch 150 , average error: 0.425744462486 , theta norm: 8.4175761731
	Batch 160 , average error: 0.45087027081 , theta norm: 8.43801990432
	Batch 170 , average error: 0.402768289426 , theta norm: 8.46925811842
	Batch 180 , average error: 0.4108262402 , theta norm: 8.48828033875
	Batch 190 , average error: 0.433237727365 , theta norm: 8.50288884511
	Batch 200 , average error: 0.435403988846 , theta norm: 8.48179204333
	Batch 210 , average error: 0.441853215473 , theta norm: 8.56529878798
	Batch 220 , average error: 0.446846665346 , theta norm: 8.52139587501
	Batch 230 , average error: 0.44978675561 , theta norm: 8.58074437011
	Batch 240 , average error: 0.442232003499 , theta norm: 8.64695099136
	Batch 250 , average error: 0.450592627859 , theta norm: 8.65703173197
	Batch 260 , average error: 0.456825117562 , theta norm: 8.60784419172
	Batch 270 , average error: 0.434080766847 , theta norm: 8.64212725849
	Batch 280 , average error: 0.459468458898 , theta norm: 8.73148242091
	Batch 290 , average error: 0.432875659555 , theta norm: 8.71700216573
	Batch 300 , average error: 0.410667786173 , theta norm: 8.97634446494
	Batch 310 , average error: 0.44123222166 , theta norm: 8.95320149836
	Batch 320 , average error: 0.442356621729 , theta norm: 8.97778260738
	Batch 330 , average error: 0.450423961614 , theta norm: 9.04971739554
	Batch 340 , average error: 0.413484702625 , theta norm: 9.05253475434
	Batch 350 , average error: 0.457000385561 , theta norm: 9.16575985938
	Batch 360 , average error: 0.415920909564 , theta norm: 9.29535315111
	Batch 370 , average error: 0.447634364634 , theta norm: 9.31934149026
	Batch 380 , average error: 0.421982070672 , theta norm: 9.48436642316
	Batch 390 , average error: 0.411591697882 , theta norm: 9.47327624986
	Batch 400 , average error: 0.438352980189 , theta norm: 9.50561444322
	Batch 410 , average error: 0.406145306736 , theta norm: 9.4419309576
	Batch 420 , average error: 0.436402768043 , theta norm: 9.32245220884
	Batch 430 , average error: 0.415479355148 , theta norm: 9.44823127155
	Batch 440 , average error: 0.432200348393 , theta norm: 9.43392082026
	Batch 450 , average error: 0.410035790774 , theta norm: 9.41406579491
Epoch 1
	Batch 0 , average error: 0.43753784588 , theta norm: 9.47500579885
	Batch 10 , average error: 0.444084277129 , theta norm: 9.59897616991
	Batch 20 , average error: 0.45021307212 , theta norm: 9.56012129735
	Batch 30 , average error: 0.431905849472 , theta norm: 9.59944642084
	Batch 40 , average error: 0.445767715856 , theta norm: 9.58292192271
	Batch 50 , average error: 0.444921035295 , theta norm: 9.52678393699
	Batch 60 , average error: 0.430044320422 , theta norm: 9.53346810858
	Batch 70 , average error: 0.404491773202 , theta norm: 9.58461569991
	Batch 80 , average error: 0.448637539436 , theta norm: 9.56717262764
	Batch 90 , average error: 0.444210026535 , theta norm: 9.73827409016
	Batch 100 , average error: 0.439738553255 , theta norm: 9.67835062087
	Batch 110 , average error: 0.43055919123 , theta norm: 9.74987026563
	Batch 120 , average error: 0.440283473707 , theta norm: 9.75292123978
	Batch 130 , average error: 0.443428716269 , theta norm: 9.76927928182
	Batch 140 , average error: 0.425600517572 , theta norm: 9.74123650748
	Batch 150 , average error: 0.438490992258 , theta norm: 9.84185614364
	Batch 160 , average error: 0.454530384703 , theta norm: 9.85082728514
	Batch 170 , average error: 0.42762478469 , theta norm: 9.83512563808
	Batch 180 , average error: 0.439704751761 , theta norm: 9.86839389758
	Batch 190 , average error: 0.453164424536 , theta norm: 9.86477139313
	Batch 200 , average error: 0.46047056478 , theta norm: 9.81172378771
	Batch 210 , average error: 0.441296313698 , theta norm: 9.85107940279
	Batch 220 , average error: 0.414938577969 , theta norm: 9.97199084986
	Batch 230 , average error: 0.429751612935 , theta norm: 9.94840513551
	Batch 240 , average error: 0.42411371223 , theta norm: 9.90453406664
	Batch 250 , average error: 0.436417560173 , theta norm: 9.99463840456
	Batch 260 , average error: 0.455852106915 , theta norm: 10.0798479105
	Batch 270 , average error: 0.452643389702 , theta norm: 10.1210650173
	Batch 280 , average error: 0.435580448274 , theta norm: 10.1131868082
	Batch 290 , average error: 0.425655722719 , theta norm: 10.1235171854
	Batch 300 , average error: 0.451364361764 , theta norm: 10.0119201704
	Batch 310 , average error: 0.391422706254 , theta norm: 10.0040516453
	Batch 320 , average error: 0.428388494755 , theta norm: 9.99138089657
	Batch 330 , average error: 0.433997768115 , theta norm: 9.92681855882
	Batch 340 , average error: 0.438130643248 , theta norm: 10.0281672173
	Batch 350 , average error: 0.443886368746 , theta norm: 10.0328555323
	Batch 360 , average error: 0.450232286873 , theta norm: 10.0744741015
	Batch 370 , average error: 0.444765961744 , theta norm: 10.1075001605
	Batch 380 , average error: 0.422549600995 , theta norm: 10.1788030598
	Batch 390 , average error: 0.436070334499 , theta norm: 10.2339281869
	Batch 400 , average error: 0.448944614581 , theta norm: 10.281187001
	Batch 410 , average error: 0.418858012888 , theta norm: 10.323684592
	Batch 420 , average error: 0.439551929576 , theta norm: 10.318392641
	Batch 430 , average error: 0.429252548903 , theta norm: 10.3048621771
	Batch 440 , average error: 0.449240977858 , theta norm: 10.3583631202
	Batch 450 , average error: 0.443309970111 , theta norm: 10.4203381774
Epoch 2
	Batch 0 , average error: 0.433888853489 , theta norm: 10.4379763963
	Batch 10 , average error: 0.443055964609 , theta norm: 10.4184022238
	Batch 20 , average error: 0.440162315374 , theta norm: 10.500888008
	Batch 30 , average error: 0.412628152654 , theta norm: 10.5735332506
	Batch 40 , average error: 0.43277327481 , theta norm: 10.5945575456
	Batch 50 , average error: 0.414451786786 , theta norm: 10.6522307011
	Batch 60 , average error: 0.412164695229 , theta norm: 10.6682923849
	Batch 70 , average error: 0.41264656761 , theta norm: 10.6836906939
	Batch 80 , average error: 0.416597281464 , theta norm: 10.6070179429
	Batch 90 , average error: 0.418456032111 , theta norm: 10.6637538314
	Batch 100 , average error: 0.435519872552 , theta norm: 10.6509839244
	Batch 110 , average error: 0.413044830138 , theta norm: 10.6787837326
	Batch 120 , average error: 0.413715651261 , theta norm: 10.732018645
	Batch 130 , average error: 0.4467154811 , theta norm: 10.7868649336
	Batch 140 , average error: 0.439643662513 , theta norm: 10.7317960036
	Batch 150 , average error: 0.464213038416 , theta norm: 10.7218940958
	Batch 160 , average error: 0.439774227449 , theta norm: 10.7503372725
	Batch 170 , average error: 0.443315492388 , theta norm: 10.7643333769
	Batch 180 , average error: 0.459631061217 , theta norm: 10.762223666
	Batch 190 , average error: 0.465899358251 , theta norm: 10.7750358159
	Batch 200 , average error: 0.439733834865 , theta norm: 10.8347193454
	Batch 210 , average error: 0.453495460102 , theta norm: 10.8701508104
	Batch 220 , average error: 0.429688387225 , theta norm: 10.9290267827
	Batch 230 , average error: 0.439706883216 , theta norm: 10.9475792275
	Batch 240 , average error: 0.458307142983 , theta norm: 10.9736689243
	Batch 250 , average error: 0.459758853223 , theta norm: 10.9471831704
	Batch 260 , average error: 0.448675694784 , theta norm: 10.976247094
	Batch 270 , average error: 0.416396709643 , theta norm: 10.9785072747
	Batch 280 , average error: 0.407201379615 , theta norm: 11.0169807403
	Batch 290 , average error: 0.437310700379 , theta norm: 10.9713950112
	Batch 300 , average error: 0.448947959386 , theta norm: 10.9506874178
	Batch 310 , average error: 0.449633276162 , theta norm: 11.002067843
	Batch 320 , average error: 0.426665608198 , theta norm: 10.9990253048
	Batch 330 , average error: 0.436339790378 , theta norm: 10.9936754706
	Batch 340 , average error: 0.447747148689 , theta norm: 10.9772542345
	Batch 350 , average error: 0.443429474324 , theta norm: 10.9698499764
	Batch 360 , average error: 0.420437560029 , theta norm: 10.9651877627
	Batch 370 , average error: 0.4270998151 , theta norm: 10.9589558257
	Batch 380 , average error: 0.424322922042 , theta norm: 10.9743476665
	Batch 390 , average error: 0.45309510569 , theta norm: 10.9937976347
	Batch 400 , average error: 0.437288829315 , theta norm: 10.9942660837
	Batch 410 , average error: 0.429290577854 , theta norm: 10.9527995856
	Batch 420 , average error: 0.456438099021 , theta norm: 10.9445713566
	Batch 430 , average error: 0.437701578558 , theta norm: 10.9508705688
	Batch 440 , average error: 0.423835730703 , theta norm: 10.949689423
	Batch 450 , average error: 0.448421480298 , theta norm: 10.9808288799
Epoch 3
	Batch 0 , average error: 0.432721004062 , theta norm: 10.965326649
	Batch 10 , average error: 0.457405436769 , theta norm: 10.9812344131
	Batch 20 , average error: 0.44318637746 , theta norm: 10.9791559458
	Batch 30 , average error: 0.445235878275 , theta norm: 11.0206912049
	Batch 40 , average error: 0.419248001725 , theta norm: 11.0270888159
	Batch 50 , average error: 0.423688322627 , theta norm: 11.0206960505
	Batch 60 , average error: 0.429418656425 , theta norm: 11.0612416888
	Batch 70 , average error: 0.421276968949 , theta norm: 11.0771630565
	Batch 80 , average error: 0.439606856325 , theta norm: 11.0772014992
	Batch 90 , average error: 0.450069131892 , theta norm: 11.0690084779
	Batch 100 , average error: 0.461956805922 , theta norm: 11.0673850478
	Batch 110 , average error: 0.466339444817 , theta norm: 11.0846915237
	Batch 120 , average error: 0.433361468615 , theta norm: 11.1064962702
	Batch 130 , average error: 0.44743732397 , theta norm: 11.1123184137
	Batch 140 , average error: 0.410947218087 , theta norm: 11.1072840052
	Batch 150 , average error: 0.438102410148 , theta norm: 11.1473623548
	Batch 160 , average error: 0.420070117569 , theta norm: 11.1500093867
	Batch 170 , average error: 0.450878253054 , theta norm: 11.101600588
	Batch 180 , average error: 0.424620596005 , theta norm: 11.1363453812
	Batch 190 , average error: 0.450867025272 , theta norm: 11.1138336446
	Batch 200 , average error: 0.441298844469 , theta norm: 11.1355881328
	Batch 210 , average error: 0.446033913548 , theta norm: 11.1671804638
	Batch 220 , average error: 0.443520187605 , theta norm: 11.1590387588
	Batch 230 , average error: 0.445495645275 , theta norm: 11.1719228929
	Batch 240 , average error: 0.462433916025 , theta norm: 11.1831071603
	Batch 250 , average error: 0.437723242312 , theta norm: 11.164381134
	Batch 260 , average error: 0.466785510369 , theta norm: 11.2077442901
	Batch 270 , average error: 0.468299927261 , theta norm: 11.2133543081
	Batch 280 , average error: 0.454094475466 , theta norm: 11.2243617609
	Batch 290 , average error: 0.443415126021 , theta norm: 11.2454046289
	Batch 300 , average error: 0.431421769216 , theta norm: 11.2633904329
	Batch 310 , average error: 0.427108401403 , theta norm: 11.2804477564
	Batch 320 , average error: 0.445753468635 , theta norm: 11.2824542256
	Batch 330 , average error: 0.470725726034 , theta norm: 11.3178481648
	Batch 340 , average error: 0.457500610933 , theta norm: 11.3064784237
	Batch 350 , average error: 0.449230722544 , theta norm: 11.2990911473
	Batch 360 , average error: 0.448765321117 , theta norm: 11.2991320212
	Batch 370 , average error: 0.411438526483 , theta norm: 11.2961857207
	Batch 380 , average error: 0.451587992537 , theta norm: 11.3034401572
	Batch 390 , average error: 0.423262187578 , theta norm: 11.3309876442
	Batch 400 , average error: 0.457509592114 , theta norm: 11.3467464323
	Batch 410 , average error: 0.456072684202 , theta norm: 11.3538405224
	Batch 420 , average error: 0.468912856545 , theta norm: 11.3633237232
	Batch 430 , average error: 0.455204023872 , theta norm: 11.3488219616
	Batch 440 , average error: 0.466533936837 , theta norm: 11.3585877128
	Batch 450 , average error: 0.405768582136 , theta norm: 11.3466499162
Epoch 4
	Batch 0 , average error: 0.458533944795 , theta norm: 11.3115809787
	Batch 10 , average error: 0.456117109624 , theta norm: 11.3098396144
	Batch 20 , average error: 0.458505572 , theta norm: 11.318208305
	Batch 30 , average error: 0.452677084506 , theta norm: 11.3408747132
	Batch 40 , average error: 0.442089841741 , theta norm: 11.3968000114
	Batch 50 , average error: 0.420504104612 , theta norm: 11.4160461034
	Batch 60 , average error: 0.440820883024 , theta norm: 11.4766440416
	Batch 70 , average error: 0.423462155756 , theta norm: 11.4646609366
	Batch 80 , average error: 0.453601291662 , theta norm: 11.4589280836
	Batch 90 , average error: 0.43427608929 , theta norm: 11.4485608277
	Batch 100 , average error: 0.438198039693 , theta norm: 11.4329879545
	Batch 110 , average error: 0.424229586341 , theta norm: 11.4526865656
	Batch 120 , average error: 0.457875937558 , theta norm: 11.4697896556
	Batch 130 , average error: 0.484924450575 , theta norm: 11.4569261422
	Batch 140 , average error: 0.443179654271 , theta norm: 11.4580717782
	Batch 150 , average error: 0.450662614077 , theta norm: 11.459834403
	Batch 160 , average error: 0.450877972943 , theta norm: 11.4636109737
	Batch 170 , average error: 0.418199356142 , theta norm: 11.4634838027
	Batch 180 , average error: 0.476678992518 , theta norm: 11.459940127
	Batch 190 , average error: 0.449393876554 , theta norm: 11.4594530089
	Batch 200 , average error: 0.400483413251 , theta norm: 11.4635093844
	Batch 210 , average error: 0.43309520873 , theta norm: 11.4634662055
	Batch 220 , average error: 0.437862591311 , theta norm: 11.4515905094
	Batch 230 , average error: 0.469801990571 , theta norm: 11.4492968209
	Batch 240 , average error: 0.419648407613 , theta norm: 11.4617174059
	Batch 250 , average error: 0.461418229473 , theta norm: 11.4616110976
	Batch 260 , average error: 0.445755025337 , theta norm: 11.4930135764
	Batch 270 , average error: 0.462465451089 , theta norm: 11.505671447
	Batch 280 , average error: 0.455818525929 , theta norm: 11.5083831485
	Batch 290 , average error: 0.478342460982 , theta norm: 11.5244321991
	Batch 300 , average error: 0.457443154519 , theta norm: 11.5100461788
	Batch 310 , average error: 0.427376850496 , theta norm: 11.505261546
	Batch 320 , average error: 0.433539539889 , theta norm: 11.5264753564
	Batch 330 , average error: 0.458015296545 , theta norm: 11.527095806
	Batch 340 , average error: 0.440135194221 , theta norm: 11.5269700168
	Batch 350 , average error: 0.457732433032 , theta norm: 11.5297580869
	Batch 360 , average error: 0.438946221468 , theta norm: 11.5252278861
	Batch 370 , average error: 0.410904108171 , theta norm: 11.5138134649
	Batch 380 , average error: 0.427355692817 , theta norm: 11.5136511305
	Batch 390 , average error: 0.45939551579 , theta norm: 11.5521277731
	Batch 400 , average error: 0.453792401034 , theta norm: 11.5259983437
	Batch 410 , average error: 0.440893233417 , theta norm: 11.5168896781
	Batch 420 , average error: 0.44656824408 , theta norm: 11.5168414127
	Batch 430 , average error: 0.439782712678 , theta norm: 11.5165150442
	Batch 440 , average error: 0.421617667835 , theta norm: 11.5139809473
	Batch 450 , average error: 0.460537640882 , theta norm: 11.5125292566
Computing performance... 6
Initial Performance on validation set: 0.545973775693
Initial Performance on validation set: 0.545973775693
Epoch 0, Performance on validation set: 0.218338280937
Epoch 0, Performance on validation set: 0.218338280937
Epoch 1, Performance on validation set: 0.223188884371
Epoch 1, Performance on validation set: 0.223188884371
Epoch 2, Performance on validation set: 0.225816988523
Epoch 2, Performance on validation set: 0.225816988523
Epoch 3, Performance on validation set: 0.230034404874
Epoch 3, Performance on validation set: 0.230034404874
Epoch 4, Performance on validation set: 0.23115861618
Epoch 4, Performance on validation set: 0.23115861618
