Start part of experiment 102
Loading treebank.
/home/sveldhoen/.local/lib/python2.7/site-packages/numpy/core/fromnumeric.py:2507: VisibleDeprecationWarning: `rank` is deprecated; use the `ndim` attribute or function instead. To find the rank of a matrix see `numpy.linalg.matrix_rank`.
  VisibleDeprecationWarning)
Loading vocabulary.
Initializing networks.
Loaded data. 22923 training examples, and 6010 test examples.
Initializing theta.
inside - 5
nwords - 10689
word - 5
outside - 5
bSize - 50
alpha - 0.05
lambda - 0.0
nEpochs - 5
number of cores - 5
Start training...
Start SGD training
Epoch 0
	Batch 0 , average error: 0.999990736485 , theta norm: 1.38568979602
	Batch 10 , average error: 0.619820214774 , theta norm: 4.53446767949
	Batch 20 , average error: 0.453746635727 , theta norm: 5.5239101302
	Batch 30 , average error: 0.463023047456 , theta norm: 6.15334071787
	Batch 40 , average error: 0.466916766622 , theta norm: 6.34746150376
	Batch 50 , average error: 0.456176938995 , theta norm: 6.42551548417
	Batch 60 , average error: 0.459719491888 , theta norm: 6.75290896393
	Batch 70 , average error: 0.474892790436 , theta norm: 6.97967252578
	Batch 80 , average error: 0.463729377748 , theta norm: 7.12222695758
	Batch 90 , average error: 0.472088220049 , theta norm: 7.29394595151
	Batch 100 , average error: 0.4248022842 , theta norm: 7.42573801016
	Batch 110 , average error: 0.464908026635 , theta norm: 7.58156121554
	Batch 120 , average error: 0.464771921202 , theta norm: 7.60218715036
	Batch 130 , average error: 0.442257793211 , theta norm: 7.64826400431
	Batch 140 , average error: 0.448497201412 , theta norm: 7.47301596525
	Batch 150 , average error: 0.45229407817 , theta norm: 7.53311618813
	Batch 160 , average error: 0.464743062305 , theta norm: 7.57408706697
	Batch 170 , average error: 0.42997899901 , theta norm: 7.66068704102
	Batch 180 , average error: 0.426884464457 , theta norm: 7.64062360148
	Batch 190 , average error: 0.456499839498 , theta norm: 7.67860807955
	Batch 200 , average error: 0.467996488668 , theta norm: 7.84050692857
	Batch 210 , average error: 0.465200057846 , theta norm: 7.93787161376
	Batch 220 , average error: 0.455015535269 , theta norm: 7.88785436524
	Batch 230 , average error: 0.456044624682 , theta norm: 7.76872148137
	Batch 240 , average error: 0.45451671646 , theta norm: 7.76416379446
	Batch 250 , average error: 0.445012329769 , theta norm: 7.78155628608
	Batch 260 , average error: 0.453643270538 , theta norm: 7.89599316928
	Batch 270 , average error: 0.421209899291 , theta norm: 7.91248421498
	Batch 280 , average error: 0.44052526137 , theta norm: 7.91356350359
	Batch 290 , average error: 0.42681206803 , theta norm: 7.92137082716
	Batch 300 , average error: 0.444623170002 , theta norm: 7.95441460806
	Batch 310 , average error: 0.458921042337 , theta norm: 7.98016347823
	Batch 320 , average error: 0.437418031523 , theta norm: 7.98803724177
	Batch 330 , average error: 0.431286172832 , theta norm: 8.05505153966
	Batch 340 , average error: 0.454389371371 , theta norm: 8.09198088475
	Batch 350 , average error: 0.467632554071 , theta norm: 8.10978137736
	Batch 360 , average error: 0.453235936967 , theta norm: 8.1037293391
	Batch 370 , average error: 0.456784983245 , theta norm: 8.11510515378
	Batch 380 , average error: 0.472183730256 , theta norm: 8.113110683
	Batch 390 , average error: 0.483503155331 , theta norm: 8.1155937508
	Batch 400 , average error: 0.458245231118 , theta norm: 8.11955502877
	Batch 410 , average error: 0.453007615873 , theta norm: 8.12467347491
	Batch 420 , average error: 0.465736667451 , theta norm: 8.12640039195
	Batch 430 , average error: 0.441053793391 , theta norm: 8.12099273436
	Batch 440 , average error: 0.417787108981 , theta norm: 8.13257820154
	Batch 450 , average error: 0.450754431805 , theta norm: 8.15908779246
Epoch 1
	Batch 0 , average error: 0.437151889865 , theta norm: 8.16145165331
	Batch 10 , average error: 0.434189543518 , theta norm: 8.18712294401
	Batch 20 , average error: 0.448272328134 , theta norm: 8.26098840941
	Batch 30 , average error: 0.462560643571 , theta norm: 8.23881789484
	Batch 40 , average error: 0.440199595938 , theta norm: 8.21890436579
	Batch 50 , average error: 0.453265727161 , theta norm: 8.20422692271
	Batch 60 , average error: 0.425500814509 , theta norm: 8.26937295886
	Batch 70 , average error: 0.427063265585 , theta norm: 8.29600832327
	Batch 80 , average error: 0.454736895316 , theta norm: 8.25738277118
	Batch 90 , average error: 0.455258462526 , theta norm: 8.28067308454
	Batch 100 , average error: 0.466491256252 , theta norm: 8.35208768129
	Batch 110 , average error: 0.454270763321 , theta norm: 8.27390404234
	Batch 120 , average error: 0.439485651333 , theta norm: 8.27823875274
	Batch 130 , average error: 0.456638647665 , theta norm: 8.30014468297
	Batch 140 , average error: 0.446631932304 , theta norm: 8.30530745583
	Batch 150 , average error: 0.453345492682 , theta norm: 8.3440673901
	Batch 160 , average error: 0.439511744102 , theta norm: 8.38222999227
	Batch 170 , average error: 0.462402224596 , theta norm: 8.35857531578
	Batch 180 , average error: 0.453111952949 , theta norm: 8.3584342365
	Batch 190 , average error: 0.443707462064 , theta norm: 8.36535296528
	Batch 200 , average error: 0.449004478357 , theta norm: 8.37387644539
	Batch 210 , average error: 0.445094349427 , theta norm: 8.37272091151
	Batch 220 , average error: 0.464180810612 , theta norm: 8.36642937957
	Batch 230 , average error: 0.455590313071 , theta norm: 8.36780381173
	Batch 240 , average error: 0.441171879666 , theta norm: 8.36826211991
	Batch 250 , average error: 0.457459015981 , theta norm: 8.37284044959
	Batch 260 , average error: 0.454996994797 , theta norm: 8.36632733697
	Batch 270 , average error: 0.448534798697 , theta norm: 8.35983570795
	Batch 280 , average error: 0.444408350042 , theta norm: 8.36968873162
	Batch 290 , average error: 0.448512228827 , theta norm: 8.36689407259
	Batch 300 , average error: 0.430357306484 , theta norm: 8.37108335088
	Batch 310 , average error: 0.434492499778 , theta norm: 8.37070950144
	Batch 320 , average error: 0.435120203251 , theta norm: 8.36860266272
	Batch 330 , average error: 0.47909852436 , theta norm: 8.36537408025
	Batch 340 , average error: 0.470950124497 , theta norm: 8.36478596354
	Batch 350 , average error: 0.420962633472 , theta norm: 8.36753493689
	Batch 360 , average error: 0.452775919013 , theta norm: 8.36884908327
	Batch 370 , average error: 0.457845950289 , theta norm: 8.37060157716
	Batch 380 , average error: 0.437339942572 , theta norm: 8.36847231296
	Batch 390 , average error: 0.446986301227 , theta norm: 8.36805093573
	Batch 400 , average error: 0.465746106402 , theta norm: 8.36616164292
	Batch 410 , average error: 0.424800907483 , theta norm: 8.36762067339
	Batch 420 , average error: 0.460258309176 , theta norm: 8.36774451976
	Batch 430 , average error: 0.443347989043 , theta norm: 8.36947520163
	Batch 440 , average error: 0.432945377914 , theta norm: 8.367469823
	Batch 450 , average error: 0.443012049637 , theta norm: 8.36673380318
Epoch 2
	Batch 0 , average error: 0.430894321215 , theta norm: 8.36818095497
	Batch 10 , average error: 0.425298461075 , theta norm: 8.36633314177
	Batch 20 , average error: 0.445665620684 , theta norm: 8.36887822219
	Batch 30 , average error: 0.466189843915 , theta norm: 8.37048305985
	Batch 40 , average error: 0.4708410486 , theta norm: 8.37066531977
	Batch 50 , average error: 0.486608863591 , theta norm: 8.37076906481
	Batch 60 , average error: 0.457440370435 , theta norm: 8.37036395821
	Batch 70 , average error: 0.436279055607 , theta norm: 8.36975052884
	Batch 80 , average error: 0.452831173006 , theta norm: 8.37055259311
	Batch 90 , average error: 0.463204435647 , theta norm: 8.37137423289
	Batch 100 , average error: 0.408662031649 , theta norm: 8.37277673805
	Batch 110 , average error: 0.467528799145 , theta norm: 8.37296817117
	Batch 120 , average error: 0.458717654973 , theta norm: 8.37372028875
	Batch 130 , average error: 0.435559743267 , theta norm: 8.37460782783
	Batch 140 , average error: 0.461551444098 , theta norm: 8.37483255374
	Batch 150 , average error: 0.440146146223 , theta norm: 8.37381767895
	Batch 160 , average error: 0.413676674908 , theta norm: 8.3736833155
	Batch 170 , average error: 0.423070984242 , theta norm: 8.37359212315
	Batch 180 , average error: 0.431993264232 , theta norm: 8.37402580447
	Batch 190 , average error: 0.473076666925 , theta norm: 8.37389430254
	Batch 200 , average error: 0.449701940115 , theta norm: 8.3735869691
	Batch 210 , average error: 0.428960170863 , theta norm: 8.37326499409
	Batch 220 , average error: 0.446066450144 , theta norm: 8.37393612205
	Batch 230 , average error: 0.457995634376 , theta norm: 8.3737657286
	Batch 240 , average error: 0.424748445087 , theta norm: 8.37333175491
	Batch 250 , average error: 0.457997883342 , theta norm: 8.37161820856
	Batch 260 , average error: 0.451334051944 , theta norm: 8.36957949708
	Batch 270 , average error: 0.444232902397 , theta norm: 8.36999916603
	Batch 280 , average error: 0.427472805409 , theta norm: 8.370203309
	Batch 290 , average error: 0.486278667838 , theta norm: 8.36068072616
	Batch 300 , average error: 0.461503868032 , theta norm: 8.36107608302
	Batch 310 , average error: 0.457826190627 , theta norm: 8.36223367691
	Batch 320 , average error: 0.427035955473 , theta norm: 8.36182549553
	Batch 330 , average error: 0.457014752634 , theta norm: 8.36430277249
	Batch 340 , average error: 0.436818478631 , theta norm: 8.36198776765
	Batch 350 , average error: 0.460245204333 , theta norm: 8.3617294131
	Batch 360 , average error: 0.455972713677 , theta norm: 8.36145024772
	Batch 370 , average error: 0.445136270386 , theta norm: 8.3752671336
	Batch 380 , average error: 0.453575076969 , theta norm: 8.36773660033
	Batch 390 , average error: 0.481976689328 , theta norm: 8.36673258187
	Batch 400 , average error: 0.457679427235 , theta norm: 8.36816560535
	Batch 410 , average error: 0.487011467881 , theta norm: 8.36656263634
	Batch 420 , average error: 0.473067824753 , theta norm: 8.36680624276
	Batch 430 , average error: 0.440467350335 , theta norm: 8.3975103683
	Batch 440 , average error: 0.477150436347 , theta norm: 8.40016927168
	Batch 450 , average error: 0.4471822272 , theta norm: 8.38962473991
Epoch 3
	Batch 0 , average error: 0.438105452481 , theta norm: 8.39381726912
	Batch 10 , average error: 0.459297496196 , theta norm: 8.3878808549
	Batch 20 , average error: 0.425163053773 , theta norm: 8.39324672346
	Batch 30 , average error: 0.458778889374 , theta norm: 8.39259788915
	Batch 40 , average error: 0.452031113099 , theta norm: 8.39404192071
	Batch 50 , average error: 0.463205293226 , theta norm: 8.39761673031
	Batch 60 , average error: 0.444526282563 , theta norm: 8.39817429515
	Batch 70 , average error: 0.42606588555 , theta norm: 8.39827658708
	Batch 80 , average error: 0.454884814698 , theta norm: 8.39913236189
	Batch 90 , average error: 0.448822819852 , theta norm: 8.39979586817
	Batch 100 , average error: 0.424154090767 , theta norm: 8.39652097657
	Batch 110 , average error: 0.450761735327 , theta norm: 8.39690817676
	Batch 120 , average error: 0.446423453501 , theta norm: 8.42178397971
	Batch 130 , average error: 0.439320774007 , theta norm: 8.47094772706
	Batch 140 , average error: 0.445878573421 , theta norm: 8.40564571627
	Batch 150 , average error: 0.463336626959 , theta norm: 8.4019733918
	Batch 160 , average error: 0.483960238845 , theta norm: 8.40925662582
	Batch 170 , average error: 0.461824843802 , theta norm: 8.41014917266
	Batch 180 , average error: 0.442639304332 , theta norm: 8.42010592297
	Batch 190 , average error: 0.451078924986 , theta norm: 8.45789744568
	Batch 200 , average error: 0.474223535614 , theta norm: 8.46316908736
	Batch 210 , average error: 0.434827798469 , theta norm: 8.46079835805
	Batch 220 , average error: 0.458152657146 , theta norm: 8.45342601729
	Batch 230 , average error: 0.459009579288 , theta norm: 8.47173303225
	Batch 240 , average error: 0.433920807208 , theta norm: 8.4717256642
	Batch 250 , average error: 0.443499661684 , theta norm: 8.47173551237
	Batch 260 , average error: 0.482181344619 , theta norm: 8.47219653309
	Batch 270 , average error: 0.425380181413 , theta norm: 8.47222047306
	Batch 280 , average error: 0.485086293728 , theta norm: 8.47245026308
	Batch 290 , average error: 0.445600850673 , theta norm: 8.47245795577
	Batch 300 , average error: 0.439260537146 , theta norm: 8.4724409209
	Batch 310 , average error: 0.442988793403 , theta norm: 8.47243686285
	Batch 320 , average error: 0.440350296509 , theta norm: 8.47251745245
	Batch 330 , average error: 0.473557874917 , theta norm: 8.47250550623
	Batch 340 , average error: 0.453280561784 , theta norm: 8.47254778009
	Batch 350 , average error: 0.456584101753 , theta norm: 8.47251928972
	Batch 360 , average error: 0.417539815895 , theta norm: 8.47260242577
	Batch 370 , average error: 0.463683089301 , theta norm: 8.47261243024
	Batch 380 , average error: 0.44304802801 , theta norm: 8.47262500141
	Batch 390 , average error: 0.448032514623 , theta norm: 8.47262570263
	Batch 400 , average error: 0.458631343678 , theta norm: 8.47394099216
	Batch 410 , average error: 0.435991838303 , theta norm: 8.47393196091
	Batch 420 , average error: 0.449513913372 , theta norm: 8.47492917237
	Batch 430 , average error: 0.461073504412 , theta norm: 8.47492636964
	Batch 440 , average error: 0.476192421199 , theta norm: 8.474957457
	Batch 450 , average error: 0.473042776117 , theta norm: 8.47513898969
Epoch 4
	Batch 0 , average error: 0.431847351483 , theta norm: 8.47518439474
	Batch 10 , average error: 0.424398811627 , theta norm: 8.47568435077
	Batch 20 , average error: 0.440648870378 , theta norm: 8.47567486151
	Batch 30 , average error: 0.463761176962 , theta norm: 8.47568572193
	Batch 40 , average error: 0.442243643068 , theta norm: 8.47568238894
	Batch 50 , average error: 0.457525926196 , theta norm: 8.47568419783
	Batch 60 , average error: 0.478372092752 , theta norm: 8.47572881586
	Batch 70 , average error: 0.438643842294 , theta norm: 8.48449845817
	Batch 80 , average error: 0.468075982133 , theta norm: 8.53518316395
	Batch 90 , average error: 0.45970266585 , theta norm: 8.55337794823
	Batch 100 , average error: 0.445391860584 , theta norm: 8.5774140925
	Batch 110 , average error: 0.496085707577 , theta norm: 8.53533921829
	Batch 120 , average error: 0.465478761102 , theta norm: 8.49754815748
	Batch 130 , average error: 0.473407429064 , theta norm: 8.54639543748
	Batch 140 , average error: 0.460379925655 , theta norm: 8.55440778173
	Batch 150 , average error: 0.4541564761 , theta norm: 8.56900363452
	Batch 160 , average error: 0.468823728871 , theta norm: 8.60027731991
	Batch 170 , average error: 0.453058812803 , theta norm: 8.63549825353
	Batch 180 , average error: 0.478333245634 , theta norm: 8.71231958973
	Batch 190 , average error: 0.496120271043 , theta norm: 8.71820707777
	Batch 200 , average error: 0.466129783713 , theta norm: 8.73871601142
	Batch 210 , average error: 0.474442006911 , theta norm: 8.75047405712
	Batch 220 , average error: 0.443283222925 , theta norm: 8.73768537474
	Batch 230 , average error: 0.473541514151 , theta norm: 8.74060332203
	Batch 240 , average error: 0.449325572583 , theta norm: 8.8629825405
	Batch 250 , average error: 0.472434044808 , theta norm: 8.80599760987
	Batch 260 , average error: 0.436277741763 , theta norm: 8.86576593288
	Batch 270 , average error: 0.46215102728 , theta norm: 8.85420172087
	Batch 280 , average error: 0.435963926106 , theta norm: 8.89968734804
	Batch 290 , average error: 0.467493068181 , theta norm: 8.89222394872
	Batch 300 , average error: 0.452791020159 , theta norm: 8.87777700162
	Batch 310 , average error: 0.453962016577 , theta norm: 8.95185858852
	Batch 320 , average error: 0.452476772568 , theta norm: 8.95749482794
	Batch 330 , average error: 0.440679595483 , theta norm: 8.95825831775
	Batch 340 , average error: 0.458372827727 , theta norm: 9.09836632512
	Batch 350 , average error: 0.515513809214 , theta norm: 9.05409111018
	Batch 360 , average error: 0.46963576795 , theta norm: 9.24356309543
	Batch 370 , average error: 0.435452110837 , theta norm: 9.35631102537
	Batch 380 , average error: 0.43821618627 , theta norm: 9.38677378078
	Batch 390 , average error: 0.478234017098 , theta norm: 9.38950684437
	Batch 400 , average error: 0.472831539903 , theta norm: 9.3907887405
	Batch 410 , average error: 0.464386433296 , theta norm: 9.43237704626
	Batch 420 , average error: 0.458449869175 , theta norm: 9.44284697668
	Batch 430 , average error: 0.445103226672 , theta norm: 9.52524667846
	Batch 440 , average error: 0.440334911167 , theta norm: 9.577265997
	Batch 450 , average error: 0.445441684921 , theta norm: 9.50676204901
Computing performance... 6
Initial Performance on validation set: 0.494473729659
Initial Performance on validation set: 0.494473729659
Epoch 0, Performance on validation set: 0.23110810295
Epoch 0, Performance on validation set: 0.23110810295
Epoch 1, Performance on validation set: 0.233119872039
Epoch 1, Performance on validation set: 0.233119872039
Epoch 2, Performance on validation set: 0.234287892314
Epoch 2, Performance on validation set: 0.234287892314
Epoch 3, Performance on validation set: 0.234343636465
Epoch 3, Performance on validation set: 0.234343636465
Epoch 4, Performance on validation set: 0.239467849654
Epoch 4, Performance on validation set: 0.239467849654
